TN:
SF:src/App.jsx
FN:4,App
FNF:1
FNH:0
FNDA:0,App
DA:5,0
LF:1
LH:0
BRF:0
BRH:0
end_of_record
TN:
SF:src/Routes.jsx
FN:20,(anonymous_0)
FN:26,(anonymous_1)
FNF:2
FNH:0
FNDA:0,(anonymous_0)
FNDA:0,(anonymous_1)
DA:20,0
DA:21,0
DA:22,0
DA:23,0
DA:26,0
DA:27,0
LF:6
LH:0
BRDA:22,0,0,0
BRDA:22,0,1,0
BRDA:23,1,0,0
BRDA:23,1,1,0
BRF:4
BRH:0
end_of_record
TN:
SF:src/components/AppIcon.jsx
FN:5,Icon
FNF:1
FNH:0
FNDA:0,Icon
DA:13,0
DA:15,0
DA:16,0
DA:27,0
LF:4
LH:0
BRDA:7,0,0,0
BRDA:8,1,0,0
BRDA:9,2,0,0
BRDA:10,3,0,0
BRDA:15,4,0,0
BRDA:15,4,1,0
BRF:6
BRH:0
end_of_record
TN:
SF:src/components/AppImage.jsx
FN:3,Image
FN:9,(anonymous_1)
FNF:2
FNH:0
FNDA:0,Image
FNDA:0,(anonymous_1)
DA:4,0
DA:10,0
LF:2
LH:0
BRDA:3,0,0,0
BRDA:3,1,0,0
BRF:2
BRH:0
end_of_record
TN:
SF:src/components/ErrorBoundary.jsx
FN:5,(anonymous_0)
FN:10,(anonymous_1)
FN:14,(anonymous_2)
FN:19,(anonymous_3)
FN:63,(anonymous_4)
FNF:5
FNH:0
FNDA:0,(anonymous_0)
FNDA:0,(anonymous_1)
FNDA:0,(anonymous_2)
FNDA:0,(anonymous_3)
FNDA:0,(anonymous_4)
DA:6,0
DA:7,0
DA:11,0
DA:15,0
DA:16,0
DA:20,0
DA:21,0
DA:64,0
DA:77,0
LF:9
LH:0
BRDA:20,0,0,0
BRDA:20,0,1,0
BRF:2
BRH:0
end_of_record
TN:
SF:src/components/ScrollToTop.jsx
FN:4,(anonymous_0)
FN:7,(anonymous_1)
FNF:2
FNH:0
FNDA:0,(anonymous_0)
FNDA:0,(anonymous_1)
DA:4,0
DA:5,0
DA:7,0
DA:8,0
DA:11,0
LF:5
LH:0
BRF:0
BRH:0
end_of_record
TN:
SF:src/components/navigation/Header.jsx
FN:7,(anonymous_0)
FN:16,(anonymous_1)
FN:17,(anonymous_2)
FN:20,(anonymous_3)
FN:29,(anonymous_4)
FN:30,(anonymous_5)
FN:36,(anonymous_6)
FN:90,(anonymous_7)
FN:92,(anonymous_8)
FN:92,(anonymous_9)
FN:93,(anonymous_10)
FN:95,(anonymous_11)
FN:102,(anonymous_12)
FN:108,(anonymous_13)
FN:110,(anonymous_14)
FN:127,(anonymous_15)
FN:147,(anonymous_16)
FN:147,(anonymous_17)
FN:206,(anonymous_18)
FNF:19
FNH:0
FNDA:0,(anonymous_0)
FNDA:0,(anonymous_1)
FNDA:0,(anonymous_2)
FNDA:0,(anonymous_3)
FNDA:0,(anonymous_4)
FNDA:0,(anonymous_5)
FNDA:0,(anonymous_6)
FNDA:0,(anonymous_7)
FNDA:0,(anonymous_8)
FNDA:0,(anonymous_9)
FNDA:0,(anonymous_10)
FNDA:0,(anonymous_11)
FNDA:0,(anonymous_12)
FNDA:0,(anonymous_13)
FNDA:0,(anonymous_14)
FNDA:0,(anonymous_15)
FNDA:0,(anonymous_16)
FNDA:0,(anonymous_17)
FNDA:0,(anonymous_18)
DA:7,0
DA:8,0
DA:9,0
DA:10,0
DA:11,0
DA:12,0
DA:13,0
DA:14,0
DA:16,0
DA:17,0
DA:18,0
DA:19,0
DA:20,0
DA:21,0
DA:23,0
DA:26,0
DA:29,0
DA:30,0
DA:31,0
DA:32,0
DA:35,0
DA:36,0
DA:39,0
DA:90,0
DA:92,0
DA:93,0
DA:95,0
DA:96,0
DA:97,0
DA:98,0
DA:99,0
DA:102,0
DA:103,0
DA:104,0
DA:105,0
DA:108,0
DA:109,0
DA:110,0
DA:111,0
DA:115,0
DA:128,0
DA:147,0
DA:207,0
LF:43
LH:0
BRDA:20,0,0,0
BRDA:20,0,1,0
BRDA:31,1,0,0
BRDA:31,1,1,0
BRDA:31,2,0,0
BRDA:31,2,1,0
BRDA:109,3,0,0
BRDA:109,3,1,0
BRDA:131,4,0,0
BRDA:131,4,1,0
BRDA:136,5,0,0
BRDA:136,5,1,0
BRDA:136,5,2,0
BRDA:144,6,0,0
BRDA:144,6,1,0
BRDA:154,7,0,0
BRDA:154,7,1,0
BRDA:157,8,0,0
BRDA:157,8,1,0
BRDA:189,9,0,0
BRDA:189,9,1,0
BRDA:195,10,0,0
BRDA:195,10,1,0
BRDA:210,11,0,0
BRDA:210,11,1,0
BRDA:215,12,0,0
BRDA:215,12,1,0
BRDA:215,12,2,0
BRDA:221,13,0,0
BRDA:221,13,1,0
BRF:30
BRH:0
end_of_record
TN:
SF:src/components/ui/Button.jsx
FN:39,(anonymous_0)
FN:71,(anonymous_1)
FN:89,(anonymous_2)
FN:107,(anonymous_3)
FNF:4
FNH:3
FNDA:601,(anonymous_0)
FNDA:10,(anonymous_1)
FNDA:567,(anonymous_2)
FNDA:0,(anonymous_3)
DA:7,3
DA:38,3
DA:56,601
DA:59,601
DA:68,601
DA:71,601
DA:72,10
DA:89,601
DA:90,567
DA:91,567
DA:92,567
DA:103,0
DA:107,601
DA:108,0
DA:122,601
DA:123,0
DA:124,0
DA:125,0
DA:128,0
DA:130,0
DA:131,0
DA:134,0
DA:142,0
DA:152,0
DA:158,0
DA:162,601
DA:178,3
LF:27
LH:15
BRDA:44,0,0,601
BRDA:46,1,0,601
BRDA:47,2,0,601
BRDA:48,3,0,601
BRDA:49,4,0,601
BRDA:50,5,0,601
BRDA:51,6,0,601
BRDA:56,7,0,0
BRDA:56,7,1,601
BRDA:68,8,0,601
BRDA:68,8,1,601
BRDA:68,8,2,521
BRDA:90,9,0,0
BRDA:90,9,1,567
BRDA:97,10,0,567
BRDA:97,10,1,567
BRDA:97,10,2,527
BRDA:98,11,0,567
BRDA:98,11,1,567
BRDA:98,11,2,40
BRDA:109,12,0,0
BRDA:109,12,1,0
BRDA:111,13,0,0
BRDA:111,13,1,0
BRDA:114,14,0,0
BRDA:114,14,1,0
BRDA:115,15,0,0
BRDA:115,15,1,0
BRDA:115,15,2,0
BRDA:117,16,0,0
BRDA:117,16,1,0
BRDA:117,16,2,0
BRDA:122,17,0,0
BRDA:122,17,1,601
BRDA:124,18,0,0
BRDA:124,18,1,0
BRDA:124,19,0,0
BRDA:124,19,1,0
BRDA:130,20,0,0
BRDA:130,20,1,0
BRDA:135,21,0,0
BRDA:135,21,1,0
BRDA:136,22,0,0
BRDA:136,22,1,0
BRDA:136,22,2,0
BRDA:138,23,0,0
BRDA:138,23,1,0
BRDA:138,23,2,0
BRDA:145,24,0,0
BRDA:145,24,1,0
BRDA:148,25,0,0
BRDA:148,25,1,0
BRDA:148,25,2,0
BRDA:164,26,0,601
BRDA:164,26,1,521
BRDA:166,27,0,601
BRDA:166,27,1,140
BRDA:169,28,0,601
BRDA:169,28,1,10
BRDA:170,29,0,601
BRDA:170,29,1,567
BRDA:170,29,2,527
BRDA:172,30,0,601
BRDA:172,30,1,567
BRDA:172,30,2,40
BRF:65
BRH:31
end_of_record
TN:
SF:src/components/ui/Checkbox.jsx
FN:6,(anonymous_0)
FN:96,(anonymous_1)
FNF:2
FNH:0
FNDA:0,(anonymous_0)
FNDA:0,(anonymous_1)
DA:5,0
DA:23,0
DA:26,0
DA:32,0
DA:92,0
DA:95,0
DA:109,0
DA:130,0
LF:8
LH:0
BRDA:11,0,0,0
BRDA:12,1,0,0
BRDA:13,2,0,0
BRDA:17,3,0,0
BRDA:23,4,0,0
BRDA:23,4,1,0
BRDA:51,5,0,0
BRDA:51,5,1,0
BRDA:52,6,0,0
BRDA:52,6,1,0
BRDA:53,7,0,0
BRDA:53,7,1,0
BRDA:54,8,0,0
BRDA:54,8,1,0
BRDA:57,9,0,0
BRDA:57,9,1,0
BRDA:57,9,2,0
BRDA:60,10,0,0
BRDA:60,10,1,0
BRDA:64,11,0,0
BRDA:64,11,1,0
BRDA:64,11,2,0
BRDA:64,11,3,0
BRDA:67,12,0,0
BRDA:67,12,1,0
BRDA:72,13,0,0
BRDA:72,13,1,0
BRDA:76,14,0,0
BRDA:76,14,1,0
BRDA:80,15,0,0
BRDA:80,15,1,0
BRDA:80,15,2,0
BRDA:84,16,0,0
BRDA:84,16,1,0
BRDA:103,17,0,0
BRDA:104,18,0,0
BRDA:111,19,0,0
BRDA:111,19,1,0
BRDA:113,20,0,0
BRDA:113,20,1,0
BRDA:116,21,0,0
BRDA:116,21,1,0
BRDA:120,22,0,0
BRDA:120,22,1,0
BRDA:120,22,2,0
BRDA:124,23,0,0
BRDA:124,23,1,0
BRF:47
BRH:0
end_of_record
TN:
SF:src/components/ui/Input.jsx
FN:5,(anonymous_0)
FNF:1
FNH:1
FNDA:1583,(anonymous_0)
DA:4,3
DA:10,1583
DA:14,1583
DA:17,1583
DA:18,0
DA:33,1583
DA:34,0
DA:49,1583
DA:84,3
LF:9
LH:7
BRDA:6,0,0,1583
BRDA:6,1,0,1583
BRDA:10,2,0,1583
BRDA:10,2,1,1583
BRDA:17,3,0,0
BRDA:17,3,1,1583
BRDA:33,4,0,0
BRDA:33,4,1,1583
BRDA:51,5,0,1583
BRDA:51,5,1,1583
BRDA:56,6,0,0
BRDA:56,6,1,1583
BRDA:60,7,0,1583
BRDA:60,7,1,1088
BRDA:68,8,0,1583
BRDA:68,8,1,0
BRDA:76,9,0,1583
BRDA:76,9,1,1549
BRDA:76,9,2,1549
BRDA:78,10,0,1583
BRDA:78,10,1,0
BRF:21
BRH:16
end_of_record
TN:
SF:src/components/ui/Select.jsx
FN:9,(anonymous_0)
FN:43,(anonymous_1)
FN:51,(anonymous_2)
FN:55,(anonymous_3)
FN:61,(anonymous_4)
FN:65,(anonymous_5)
FN:76,(anonymous_6)
FN:80,(anonymous_7)
FN:90,(anonymous_8)
FN:95,(anonymous_9)
FN:99,(anonymous_10)
FN:174,(anonymous_11)
FN:181,(anonymous_12)
FN:211,(anonymous_13)
FN:219,(anonymous_14)
FNF:15
FNH:0
FNDA:0,(anonymous_0)
FNDA:0,(anonymous_1)
FNDA:0,(anonymous_2)
FNDA:0,(anonymous_3)
FNDA:0,(anonymous_4)
FNDA:0,(anonymous_5)
FNDA:0,(anonymous_6)
FNDA:0,(anonymous_7)
FNDA:0,(anonymous_8)
FNDA:0,(anonymous_9)
FNDA:0,(anonymous_10)
FNDA:0,(anonymous_11)
FNDA:0,(anonymous_12)
FNDA:0,(anonymous_13)
FNDA:0,(anonymous_14)
DA:8,0
DA:33,0
DA:34,0
DA:37,0
DA:41,0
DA:44,0
DA:51,0
DA:52,0
DA:54,0
DA:55,0
DA:56,0
DA:57,0
DA:58,0
DA:61,0
DA:62,0
DA:65,0
DA:66,0
DA:67,0
DA:68,0
DA:69,0
DA:70,0
DA:71,0
DA:76,0
DA:77,0
DA:78,0
DA:79,0
DA:80,0
DA:82,0
DA:84,0
DA:85,0
DA:86,0
DA:90,0
DA:91,0
DA:92,0
DA:95,0
DA:96,0
DA:99,0
DA:100,0
DA:101,0
DA:103,0
DA:106,0
DA:108,0
DA:182,0
DA:212,0
DA:219,0
DA:244,0
LF:46
LH:0
BRDA:12,0,0,0
BRDA:15,1,0,0
BRDA:16,2,0,0
BRDA:17,3,0,0
BRDA:18,4,0,0
BRDA:22,5,0,0
BRDA:23,6,0,0
BRDA:24,7,0,0
BRDA:37,8,0,0
BRDA:37,8,1,0
BRDA:41,9,0,0
BRDA:41,9,1,0
BRDA:41,10,0,0
BRDA:41,10,1,0
BRDA:44,11,0,0
BRDA:44,11,1,0
BRDA:44,11,2,0
BRDA:52,12,0,0
BRDA:52,12,1,0
BRDA:54,13,0,0
BRDA:54,13,1,0
BRDA:56,14,0,0
BRDA:56,14,1,0
BRDA:57,15,0,0
BRDA:57,15,1,0
BRDA:62,16,0,0
BRDA:62,16,1,0
BRDA:66,17,0,0
BRDA:66,17,1,0
BRDA:70,18,0,0
BRDA:70,18,1,0
BRDA:77,19,0,0
BRDA:77,19,1,0
BRDA:78,20,0,0
BRDA:78,20,1,0
BRDA:79,21,0,0
BRDA:79,21,1,0
BRDA:92,22,0,0
BRDA:92,22,1,0
BRDA:100,23,0,0
BRDA:100,23,1,0
BRDA:101,24,0,0
BRDA:101,24,1,0
BRDA:106,25,0,0
BRDA:106,25,1,0
BRDA:106,26,0,0
BRDA:106,26,1,0
BRDA:110,27,0,0
BRDA:110,27,1,0
BRDA:115,28,0,0
BRDA:115,28,1,0
BRDA:119,29,0,0
BRDA:119,29,1,0
BRDA:129,30,0,0
BRDA:129,30,1,0
BRDA:130,31,0,0
BRDA:130,31,1,0
BRDA:141,32,0,0
BRDA:141,32,1,0
BRDA:160,33,0,0
BRDA:160,33,1,0
BRDA:160,33,2,0
BRDA:160,33,3,0
BRDA:166,34,0,0
BRDA:166,34,1,0
BRDA:173,35,0,0
BRDA:173,35,1,0
BRDA:189,36,0,0
BRDA:189,36,1,0
BRDA:191,37,0,0
BRDA:191,37,1,0
BRDA:206,38,0,0
BRDA:206,38,1,0
BRDA:208,39,0,0
BRDA:208,39,1,0
BRDA:216,40,0,0
BRDA:216,40,1,0
BRDA:217,41,0,0
BRDA:217,41,1,0
BRDA:219,42,0,0
BRDA:219,42,1,0
BRDA:222,43,0,0
BRDA:222,43,1,0
BRDA:222,43,2,0
BRDA:223,44,0,0
BRDA:223,44,1,0
BRDA:235,45,0,0
BRDA:235,45,1,0
BRDA:235,45,2,0
BRDA:238,46,0,0
BRDA:238,46,1,0
BRF:91
BRH:0
end_of_record
TN:
SF:src/contexts/AuthContext.jsx
FN:6,(anonymous_0)
FN:10,(anonymous_1)
FN:15,(anonymous_2)
FN:16,(anonymous_3)
FN:30,(anonymous_4)
FN:41,(anonymous_5)
FN:50,(anonymous_6)
FN:57,(anonymous_7)
FNF:8
FNH:7
FNDA:21,(anonymous_0)
FNDA:22,(anonymous_1)
FNDA:9,(anonymous_2)
FNDA:9,(anonymous_3)
FNDA:2,(anonymous_4)
FNDA:2,(anonymous_5)
FNDA:2,(anonymous_6)
FNDA:0,(anonymous_7)
DA:4,1
DA:6,1
DA:7,21
DA:10,1
DA:11,22
DA:12,22
DA:15,22
DA:16,9
DA:17,9
DA:18,9
DA:19,4
DA:22,5
DA:24,9
DA:27,9
DA:30,22
DA:31,2
DA:32,2
DA:33,1
DA:34,1
DA:36,1
DA:37,1
DA:41,22
DA:42,2
DA:43,2
DA:47,2
DA:50,22
DA:51,2
DA:52,2
DA:53,1
DA:55,1
DA:56,1
DA:57,0
DA:59,1
DA:63,22
DA:72,22
LF:35
LH:34
BRDA:36,0,0,1
BRDA:36,0,1,0
BRDA:56,1,0,0
BRDA:56,1,1,1
BRDA:58,2,0,1
BRDA:58,2,1,0
BRF:6
BRH:3
end_of_record
TN:
SF:src/lib/dataSyncEngine.js
FNF:0
FNH:0
LF:0
LH:0
BRF:0
BRH:0
end_of_record
TN:
SF:src/lib/pilotarrClient.js
FN:27,(anonymous_0)
FN:28,(anonymous_1)
FNF:2
FNH:0
FNDA:0,(anonymous_0)
FNDA:0,(anonymous_1)
DA:3,0
DA:5,0
DA:6,0
DA:16,0
DA:26,0
DA:27,0
DA:30,0
DA:32,0
DA:33,0
DA:36,0
LF:10
LH:0
BRDA:5,0,0,0
BRDA:5,0,1,0
BRDA:30,1,0,0
BRDA:30,1,1,0
BRDA:32,2,0,0
BRDA:32,2,1,0
BRDA:32,3,0,0
BRDA:32,3,1,0
BRDA:33,4,0,0
BRDA:33,4,1,0
BRF:10
BRH:0
end_of_record
TN:
SF:src/pages/NotFound.jsx
FN:6,(anonymous_0)
FN:9,(anonymous_1)
FN:32,(anonymous_2)
FNF:3
FNH:0
FNDA:0,(anonymous_0)
FNDA:0,(anonymous_1)
FNDA:0,(anonymous_2)
DA:6,0
DA:7,0
DA:9,0
DA:10,0
DA:13,0
DA:32,0
LF:6
LH:0
BRF:0
BRH:0
end_of_record
TN:
SF:src/pages/alerts/index.jsx
FN:11,(anonymous_0)
FN:124,(anonymous_1)
FN:129,(anonymous_2)
FN:134,(anonymous_3)
FN:139,(anonymous_4)
FN:144,(anonymous_5)
FN:148,(anonymous_6)
FN:149,(anonymous_7)
FN:151,(anonymous_8)
FN:153,(anonymous_9)
FN:157,(anonymous_10)
FN:159,(anonymous_11)
FN:161,(anonymous_12)
FN:165,(anonymous_13)
FN:170,(anonymous_14)
FN:173,(anonymous_15)
FN:174,(anonymous_16)
FN:177,(anonymous_17)
FN:182,(anonymous_18)
FN:185,(anonymous_19)
FN:191,(anonymous_20)
FN:195,(anonymous_21)
FN:199,(anonymous_22)
FN:200,(anonymous_23)
FN:223,(anonymous_24)
FN:225,(anonymous_25)
FN:228,(anonymous_26)
FN:231,(anonymous_27)
FN:232,(anonymous_28)
FN:258,(anonymous_29)
FN:259,(anonymous_30)
FN:277,(anonymous_31)
FN:283,(anonymous_32)
FN:288,(anonymous_33)
FN:313,(anonymous_34)
FN:324,(anonymous_35)
FN:335,(anonymous_36)
FN:338,(anonymous_37)
FN:372,(anonymous_38)
FN:416,(anonymous_39)
FN:421,(anonymous_40)
FN:422,(anonymous_41)
FNF:42
FNH:0
FNDA:0,(anonymous_0)
FNDA:0,(anonymous_1)
FNDA:0,(anonymous_2)
FNDA:0,(anonymous_3)
FNDA:0,(anonymous_4)
FNDA:0,(anonymous_5)
FNDA:0,(anonymous_6)
FNDA:0,(anonymous_7)
FNDA:0,(anonymous_8)
FNDA:0,(anonymous_9)
FNDA:0,(anonymous_10)
FNDA:0,(anonymous_11)
FNDA:0,(anonymous_12)
FNDA:0,(anonymous_13)
FNDA:0,(anonymous_14)
FNDA:0,(anonymous_15)
FNDA:0,(anonymous_16)
FNDA:0,(anonymous_17)
FNDA:0,(anonymous_18)
FNDA:0,(anonymous_19)
FNDA:0,(anonymous_20)
FNDA:0,(anonymous_21)
FNDA:0,(anonymous_22)
FNDA:0,(anonymous_23)
FNDA:0,(anonymous_24)
FNDA:0,(anonymous_25)
FNDA:0,(anonymous_26)
FNDA:0,(anonymous_27)
FNDA:0,(anonymous_28)
FNDA:0,(anonymous_29)
FNDA:0,(anonymous_30)
FNDA:0,(anonymous_31)
FNDA:0,(anonymous_32)
FNDA:0,(anonymous_33)
FNDA:0,(anonymous_34)
FNDA:0,(anonymous_35)
FNDA:0,(anonymous_36)
FNDA:0,(anonymous_37)
FNDA:0,(anonymous_38)
FNDA:0,(anonymous_39)
FNDA:0,(anonymous_40)
FNDA:0,(anonymous_41)
DA:11,0
DA:12,0
DA:13,0
DA:14,0
DA:110,0
DA:111,0
DA:117,0
DA:118,0
DA:120,0
DA:124,0
DA:129,0
DA:134,0
DA:139,0
DA:144,0
DA:148,0
DA:149,0
DA:150,0
DA:151,0
DA:152,0
DA:153,0
DA:157,0
DA:158,0
DA:159,0
DA:160,0
DA:161,0
DA:163,0
DA:165,0
DA:167,0
DA:170,0
DA:171,0
DA:172,0
DA:173,0
DA:174,0
DA:175,0
DA:177,0
DA:179,0
DA:182,0
DA:183,0
DA:184,0
DA:185,0
DA:187,0
DA:191,0
DA:192,0
DA:193,0
DA:195,0
DA:199,0
DA:200,0
DA:210,0
DA:213,0
DA:214,0
DA:215,0
DA:216,0
DA:217,0
DA:218,0
DA:219,0
DA:220,0
DA:223,0
DA:224,0
DA:225,0
DA:228,0
DA:231,0
DA:232,0
DA:233,0
DA:234,0
DA:235,0
DA:236,0
DA:238,0
DA:239,0
DA:240,0
DA:241,0
DA:247,0
DA:250,0
DA:254,0
DA:256,0
DA:258,0
DA:259,0
DA:260,0
DA:261,0
DA:262,0
DA:264,0
DA:265,0
DA:277,0
DA:279,0
DA:280,0
DA:283,0
DA:288,0
DA:291,0
DA:313,0
DA:324,0
DA:336,0
DA:338,0
DA:372,0
DA:417,0
DA:421,0
DA:422,0
LF:95
LH:0
BRDA:129,0,0,0
BRDA:129,0,1,0
BRDA:134,1,0,0
BRDA:134,1,1,0
BRDA:139,2,0,0
BRDA:139,2,1,0
BRDA:144,3,0,0
BRDA:144,3,1,0
BRDA:150,4,0,0
BRDA:150,4,1,0
BRDA:151,5,0,0
BRDA:151,5,1,0
BRDA:161,6,0,0
BRDA:161,6,1,0
BRDA:165,7,0,0
BRDA:165,7,1,0
BRDA:174,8,0,0
BRDA:174,8,1,0
BRDA:177,9,0,0
BRDA:177,9,1,0
BRDA:183,10,0,0
BRDA:183,10,1,0
BRDA:192,11,0,0
BRDA:192,11,1,0
BRDA:225,12,0,0
BRDA:225,12,1,0
BRDA:233,13,0,0
BRDA:233,13,1,0
BRDA:234,14,0,0
BRDA:234,14,1,0
BRDA:234,15,0,0
BRDA:234,15,1,0
BRDA:235,16,0,0
BRDA:235,16,1,0
BRDA:235,17,0,0
BRDA:235,17,1,0
BRDA:236,18,0,0
BRDA:236,18,1,0
BRDA:236,19,0,0
BRDA:236,19,1,0
BRDA:238,20,0,0
BRDA:238,20,1,0
BRDA:247,21,0,0
BRDA:247,21,1,0
BRDA:256,22,0,0
BRDA:256,22,1,0
BRDA:264,23,0,0
BRDA:264,23,1,0
BRDA:279,24,0,0
BRDA:279,24,1,0
BRDA:314,25,0,0
BRDA:314,25,1,0
BRDA:316,26,0,0
BRDA:316,26,1,0
BRDA:326,27,0,0
BRDA:326,27,1,0
BRDA:340,28,0,0
BRDA:340,28,1,0
BRDA:346,29,0,0
BRDA:346,29,1,0
BRDA:349,30,0,0
BRDA:349,30,1,0
BRDA:366,31,0,0
BRDA:366,31,1,0
BRDA:375,32,0,0
BRDA:375,32,1,0
BRDA:378,33,0,0
BRDA:378,33,1,0
BRDA:383,34,0,0
BRDA:383,34,1,0
BRDA:407,35,0,0
BRDA:407,35,1,0
BRDA:409,36,0,0
BRDA:409,36,1,0
BRF:74
BRH:0
end_of_record
TN:
SF:src/pages/alerts/components/AlertCard.jsx
FN:7,(anonymous_0)
FN:46,(anonymous_1)
FN:71,(anonymous_2)
FN:106,(anonymous_3)
FN:142,(anonymous_4)
FNF:5
FNH:0
FNDA:0,(anonymous_0)
FNDA:0,(anonymous_1)
FNDA:0,(anonymous_2)
FNDA:0,(anonymous_3)
FNDA:0,(anonymous_4)
DA:7,0
DA:8,0
DA:10,0
DA:37,0
DA:44,0
DA:46,0
DA:47,0
DA:48,0
DA:49,0
DA:50,0
DA:51,0
DA:53,0
DA:54,0
DA:55,0
DA:56,0
DA:59,0
DA:71,0
DA:106,0
DA:143,0
LF:19
LH:0
BRDA:44,0,0,0
BRDA:44,0,1,0
BRDA:53,1,0,0
BRDA:53,1,1,0
BRDA:54,2,0,0
BRDA:54,2,1,0
BRDA:54,3,0,0
BRDA:54,3,1,0
BRDA:55,4,0,0
BRDA:55,4,1,0
BRDA:55,5,0,0
BRDA:55,5,1,0
BRDA:56,6,0,0
BRDA:56,6,1,0
BRDA:64,7,0,0
BRDA:64,7,1,0
BRDA:105,8,0,0
BRDA:105,8,1,0
BRDA:108,9,0,0
BRDA:108,9,1,0
BRDA:120,10,0,0
BRDA:120,10,1,0
BRDA:136,11,0,0
BRDA:136,11,1,0
BRDA:136,11,2,0
BRF:25
BRH:0
end_of_record
TN:
SF:src/pages/alerts/components/AlertHistory.jsx
FN:7,(anonymous_0)
FN:10,(anonymous_1)
FN:46,(anonymous_2)
FN:77,(anonymous_3)
FN:94,(anonymous_4)
FN:139,(anonymous_5)
FNF:6
FNH:0
FNDA:0,(anonymous_0)
FNDA:0,(anonymous_1)
FNDA:0,(anonymous_2)
FNDA:0,(anonymous_3)
FNDA:0,(anonymous_4)
FNDA:0,(anonymous_5)
DA:7,0
DA:8,0
DA:10,0
DA:11,0
DA:12,0
DA:13,0
DA:21,0
DA:39,0
DA:46,0
DA:47,0
DA:56,0
DA:77,0
DA:95,0
DA:97,0
DA:139,0
LF:15
LH:0
BRDA:11,0,0,0
BRDA:11,0,1,0
BRDA:14,1,0,0
BRDA:14,1,1,0
BRDA:14,1,2,0
BRDA:14,1,3,0
BRDA:63,2,0,0
BRDA:63,2,1,0
BRDA:83,3,0,0
BRDA:83,3,1,0
BRDA:87,4,0,0
BRDA:87,4,1,0
BRDA:90,5,0,0
BRDA:90,5,1,0
BRDA:95,6,0,0
BRDA:95,6,1,0
BRDA:129,7,0,0
BRDA:129,7,1,0
BRF:18
BRH:0
end_of_record
TN:
SF:src/pages/alerts/components/FilterToolbar.jsx
FN:5,(anonymous_0)
FN:29,(anonymous_1)
FN:49,(anonymous_2)
FN:58,(anonymous_3)
FN:67,(anonymous_4)
FNF:5
FNH:0
FNDA:0,(anonymous_0)
FNDA:0,(anonymous_1)
FNDA:0,(anonymous_2)
FNDA:0,(anonymous_3)
FNDA:0,(anonymous_4)
DA:5,0
DA:6,0
DA:14,0
DA:22,0
DA:29,0
DA:30,0
DA:39,0
DA:41,0
DA:49,0
DA:58,0
DA:67,0
LF:11
LH:0
BRDA:39,0,0,0
BRDA:39,0,1,0
BRDA:39,0,2,0
BRDA:71,1,0,0
BRDA:71,1,1,0
BRF:5
BRH:0
end_of_record
TN:
SF:src/pages/calendar/index.jsx
FN:11,(anonymous_0)
FN:24,(anonymous_1)
FN:33,(anonymous_2)
FN:35,(anonymous_3)
FN:55,(anonymous_4)
FN:60,(anonymous_5)
FN:61,(anonymous_6)
FN:80,(anonymous_7)
FN:86,(anonymous_8)
FNF:9
FNH:9
FNDA:108,(anonymous_0)
FNDA:26,(anonymous_1)
FNDA:25,(anonymous_2)
FNDA:3,(anonymous_3)
FNDA:56,(anonymous_4)
FNDA:56,(anonymous_5)
FNDA:14,(anonymous_6)
FNDA:4,(anonymous_7)
FNDA:1,(anonymous_8)
DA:11,1
DA:12,108
DA:13,108
DA:14,108
DA:19,108
DA:20,108
DA:21,108
DA:24,108
DA:25,26
DA:26,26
DA:27,26
DA:28,26
DA:29,26
DA:31,26
DA:32,26
DA:35,25
DA:47,25
DA:48,25
DA:55,108
DA:56,56
DA:57,56
DA:60,108
DA:61,56
DA:62,14
DA:64,14
DA:68,14
DA:70,13
DA:71,2
DA:72,11
DA:73,1
DA:74,10
DA:76,9
DA:80,108
DA:81,4
DA:82,4
DA:83,4
DA:86,108
DA:87,1
DA:90,108
DA:105,108
LF:40
LH:40
BRDA:41,0,0,3
BRDA:41,0,1,3
BRDA:43,1,0,3
BRDA:43,1,1,3
BRDA:64,2,0,14
BRDA:64,2,1,13
BRDA:64,2,2,13
BRDA:68,3,0,1
BRDA:68,3,1,13
BRDA:70,4,0,2
BRDA:70,4,1,11
BRDA:70,5,0,13
BRDA:70,5,1,9
BRDA:70,5,2,5
BRDA:72,6,0,1
BRDA:72,6,1,10
BRDA:72,7,0,11
BRDA:72,7,1,7
BRDA:72,7,2,4
BRDA:74,8,0,1
BRDA:74,8,1,9
BRDA:74,9,0,10
BRDA:74,9,1,4
BRF:23
BRH:23
end_of_record
TN:
SF:src/pages/calendar/components/CalendarGrid.jsx
FN:4,(anonymous_0)
FN:12,(anonymous_1)
FN:23,(anonymous_2)
FN:32,(anonymous_3)
FN:40,(anonymous_4)
FN:41,(anonymous_5)
FN:61,(anonymous_6)
FN:72,(anonymous_7)
FN:96,(anonymous_8)
FN:111,(anonymous_9)
FN:147,(anonymous_10)
FNF:11
FNH:11
FNDA:19,(anonymous_0)
FNDA:19,(anonymous_1)
FNDA:496,(anonymous_2)
FNDA:496,(anonymous_3)
FNDA:496,(anonymous_4)
FNDA:589,(anonymous_5)
FNDA:11,(anonymous_6)
FNDA:16,(anonymous_7)
FNDA:2,(anonymous_8)
FNDA:11,(anonymous_9)
FNDA:112,(anonymous_10)
DA:4,1
DA:12,19
DA:13,19
DA:14,19
DA:15,19
DA:16,19
DA:17,19
DA:18,19
DA:20,19
DA:23,19
DA:24,496
DA:25,496
DA:32,19
DA:33,496
DA:40,19
DA:41,496
DA:42,589
DA:44,589
DA:48,589
DA:51,19
DA:52,2
DA:53,17
DA:54,2
DA:55,15
DA:57,13
DA:61,19
DA:62,11
DA:63,10
DA:64,1
DA:65,1
DA:66,0
DA:69,19
DA:70,19
DA:72,19
DA:73,16
DA:76,16
DA:77,16
DA:86,16
DA:87,496
DA:88,496
DA:89,496
DA:90,496
DA:91,496
DA:93,496
DA:96,2
DA:112,11
DA:130,496
DA:133,19
DA:134,3
DA:143,16
DA:148,112
LF:51
LH:50
BRDA:26,0,0,496
BRDA:26,0,1,16
BRDA:26,0,2,0
BRDA:34,1,0,496
BRDA:34,1,1,16
BRDA:34,1,2,16
BRDA:44,2,0,589
BRDA:44,2,1,19
BRDA:44,2,2,19
BRDA:48,3,0,570
BRDA:48,3,1,19
BRDA:51,4,0,2
BRDA:51,4,1,17
BRDA:51,5,0,19
BRDA:51,5,1,16
BRDA:51,5,2,3
BRDA:53,6,0,2
BRDA:53,6,1,15
BRDA:53,7,0,17
BRDA:53,7,1,14
BRDA:53,7,2,13
BRDA:55,8,0,2
BRDA:55,8,1,13
BRDA:55,9,0,15
BRDA:55,9,1,3
BRDA:62,10,0,1
BRDA:62,10,1,10
BRDA:62,11,0,11
BRDA:62,11,1,10
BRDA:63,12,0,9
BRDA:63,12,1,1
BRDA:63,13,0,10
BRDA:63,13,1,9
BRDA:64,14,0,0
BRDA:64,14,1,1
BRDA:65,15,0,1
BRDA:65,15,1,0
BRDA:98,16,0,0
BRDA:98,16,1,496
BRDA:99,17,0,16
BRDA:99,17,1,480
BRDA:104,18,0,0
BRDA:104,18,1,496
BRDA:109,19,0,496
BRDA:109,19,1,7
BRDA:118,20,0,7
BRDA:118,20,1,1
BRDA:133,21,0,3
BRDA:133,21,1,16
BRF:49
BRH:44
end_of_record
TN:
SF:src/pages/calendar/components/EventSidebar.jsx
FN:5,(anonymous_0)
FN:6,(anonymous_1)
FN:16,(anonymous_2)
FN:24,(anonymous_3)
FN:32,(anonymous_4)
FN:40,(anonymous_5)
FN:75,(anonymous_6)
FNF:7
FNH:7
FNDA:22,(anonymous_0)
FNDA:19,(anonymous_1)
FNDA:17,(anonymous_2)
FNDA:17,(anonymous_3)
FNDA:17,(anonymous_4)
FNDA:17,(anonymous_5)
FNDA:17,(anonymous_6)
DA:5,1
DA:6,22
DA:7,19
DA:13,19
DA:16,22
DA:17,17
DA:18,16
DA:19,2
DA:20,1
DA:21,0
DA:24,22
DA:25,17
DA:26,16
DA:27,2
DA:28,1
DA:29,0
DA:32,22
DA:33,17
DA:34,16
DA:35,2
DA:36,1
DA:37,0
DA:40,22
DA:41,17
DA:46,17
DA:49,22
DA:50,3
DA:59,19
DA:76,17
LF:29
LH:26
BRDA:17,0,0,1
BRDA:17,0,1,16
BRDA:17,1,0,17
BRDA:17,1,1,15
BRDA:18,2,0,14
BRDA:18,2,1,2
BRDA:18,3,0,16
BRDA:18,3,1,14
BRDA:19,4,0,1
BRDA:19,4,1,1
BRDA:20,5,0,1
BRDA:20,5,1,0
BRDA:25,6,0,1
BRDA:25,6,1,16
BRDA:25,7,0,17
BRDA:25,7,1,15
BRDA:26,8,0,14
BRDA:26,8,1,2
BRDA:26,9,0,16
BRDA:26,9,1,14
BRDA:27,10,0,1
BRDA:27,10,1,1
BRDA:28,11,0,1
BRDA:28,11,1,0
BRDA:33,12,0,1
BRDA:33,12,1,16
BRDA:33,13,0,17
BRDA:33,13,1,15
BRDA:34,14,0,14
BRDA:34,14,1,2
BRDA:34,15,0,16
BRDA:34,15,1,14
BRDA:35,16,0,1
BRDA:35,16,1,1
BRDA:36,17,0,1
BRDA:36,17,1,0
BRDA:46,18,0,17
BRDA:46,18,1,0
BRDA:49,19,0,3
BRDA:49,19,1,19
BRDA:69,20,0,4
BRDA:69,20,1,15
BRDA:111,21,0,17
BRDA:111,21,1,1
BRDA:119,22,0,17
BRDA:119,22,1,1
BRDA:135,23,0,17
BRDA:135,23,1,1
BRF:48
BRH:44
end_of_record
TN:
SF:src/pages/calendar/components/ViewToolbar.jsx
FN:6,(anonymous_0)
FN:16,(anonymous_1)
FN:17,(anonymous_2)
FN:32,(anonymous_3)
FN:44,(anonymous_4)
FN:56,(anonymous_5)
FN:76,(anonymous_6)
FN:86,(anonymous_7)
FN:94,(anonymous_8)
FNF:9
FNH:8
FNDA:13,(anonymous_0)
FNDA:3,(anonymous_1)
FNDA:3,(anonymous_2)
FNDA:0,(anonymous_3)
FNDA:1,(anonymous_4)
FNDA:1,(anonymous_5)
FNDA:1,(anonymous_6)
FNDA:1,(anonymous_7)
FNDA:1,(anonymous_8)
DA:6,1
DA:16,13
DA:17,3
DA:23,13
DA:32,0
DA:44,1
DA:56,1
DA:76,1
DA:86,1
DA:94,1
LF:10
LH:9
BRDA:30,0,0,13
BRDA:30,0,1,0
BRF:2
BRH:1
end_of_record
TN:
SF:src/pages/change-password/index.jsx
FN:9,(anonymous_0)
FN:18,(anonymous_1)
FN:84,(anonymous_2)
FN:92,(anonymous_3)
FN:101,(anonymous_4)
FNF:5
FNH:0
FNDA:0,(anonymous_0)
FNDA:0,(anonymous_1)
FNDA:0,(anonymous_2)
FNDA:0,(anonymous_3)
FNDA:0,(anonymous_4)
DA:9,0
DA:10,0
DA:11,0
DA:12,0
DA:13,0
DA:14,0
DA:15,0
DA:16,0
DA:18,0
DA:19,0
DA:20,0
DA:22,0
DA:23,0
DA:24,0
DA:26,0
DA:27,0
DA:28,0
DA:31,0
DA:32,0
DA:33,0
DA:35,0
DA:36,0
DA:37,0
DA:38,0
DA:39,0
DA:41,0
DA:45,0
DA:84,0
DA:92,0
DA:101,0
LF:30
LH:0
BRDA:22,0,0,0
BRDA:22,0,1,0
BRDA:26,1,0,0
BRDA:26,1,1,0
BRDA:35,2,0,0
BRDA:35,2,1,0
BRDA:61,3,0,0
BRDA:61,3,1,0
BRDA:67,4,0,0
BRDA:67,4,1,0
BRF:10
BRH:0
end_of_record
TN:
SF:src/pages/indexer/index.jsx
FN:10,(anonymous_0)
FN:20,(anonymous_1)
FN:21,(anonymous_2)
FN:31,(anonymous_3)
FN:38,(anonymous_4)
FN:45,(anonymous_5)
FN:52,(anonymous_6)
FN:53,(anonymous_7)
FN:53,(anonymous_8)
FN:58,(anonymous_9)
FN:59,(anonymous_10)
FN:60,(anonymous_11)
FN:109,(anonymous_12)
FN:138,(anonymous_13)
FN:152,(anonymous_14)
FN:208,(anonymous_15)
FN:208,(anonymous_16)
FNF:17
FNH:0
FNDA:0,(anonymous_0)
FNDA:0,(anonymous_1)
FNDA:0,(anonymous_2)
FNDA:0,(anonymous_3)
FNDA:0,(anonymous_4)
FNDA:0,(anonymous_5)
FNDA:0,(anonymous_6)
FNDA:0,(anonymous_7)
FNDA:0,(anonymous_8)
FNDA:0,(anonymous_9)
FNDA:0,(anonymous_10)
FNDA:0,(anonymous_11)
FNDA:0,(anonymous_12)
FNDA:0,(anonymous_13)
FNDA:0,(anonymous_14)
FNDA:0,(anonymous_15)
FNDA:0,(anonymous_16)
DA:10,0
DA:11,0
DA:12,0
DA:13,0
DA:14,0
DA:15,0
DA:16,0
DA:17,0
DA:18,0
DA:20,0
DA:21,0
DA:22,0
DA:23,0
DA:24,0
DA:25,0
DA:26,0
DA:28,0
DA:31,0
DA:32,0
DA:33,0
DA:34,0
DA:35,0
DA:38,0
DA:39,0
DA:40,0
DA:41,0
DA:42,0
DA:43,0
DA:45,0
DA:46,0
DA:52,0
DA:53,0
DA:57,0
DA:58,0
DA:59,0
DA:60,0
DA:62,0
DA:110,0
DA:139,0
DA:153,0
DA:208,0
LF:41
LH:0
BRDA:53,0,0,0
BRDA:53,0,1,0
BRDA:82,1,0,0
BRDA:82,1,1,0
BRDA:136,2,0,0
BRDA:136,2,1,0
BRDA:145,3,0,0
BRDA:145,3,1,0
BRDA:172,4,0,0
BRDA:172,4,1,0
BRDA:179,5,0,0
BRDA:179,5,1,0
BRDA:179,5,2,0
BRDA:188,6,0,0
BRDA:188,6,1,0
BRDA:188,6,2,0
BRDA:188,6,3,0
BRDA:198,7,0,0
BRDA:198,7,1,0
BRDA:198,7,2,0
BRDA:198,7,3,0
BRDA:218,8,0,0
BRDA:218,8,1,0
BRDA:222,9,0,0
BRDA:222,9,1,0
BRF:25
BRH:0
end_of_record
TN:
SF:src/pages/indexer/components/IndexerCard.jsx
FN:16,(anonymous_0)
FN:26,(anonymous_1)
FN:36,(anonymous_2)
FN:42,(anonymous_3)
FN:46,(anonymous_4)
FN:107,(anonymous_5)
FNF:6
FNH:0
FNDA:0,(anonymous_0)
FNDA:0,(anonymous_1)
FNDA:0,(anonymous_2)
FNDA:0,(anonymous_3)
FNDA:0,(anonymous_4)
FNDA:0,(anonymous_5)
DA:5,0
DA:10,0
DA:16,0
DA:17,0
DA:18,0
DA:19,0
DA:20,0
DA:21,0
DA:22,0
DA:23,0
DA:26,0
DA:27,0
DA:28,0
DA:29,0
DA:30,0
DA:31,0
DA:32,0
DA:33,0
DA:36,0
DA:37,0
DA:38,0
DA:39,0
DA:42,0
DA:43,0
DA:44,0
DA:46,0
DA:47,0
DA:48,0
DA:49,0
DA:50,0
DA:51,0
DA:52,0
DA:53,0
DA:57,0
DA:61,0
DA:108,0
LF:36
LH:0
BRDA:17,0,0,0
BRDA:17,0,1,0
BRDA:19,1,0,0
BRDA:19,1,1,0
BRDA:21,2,0,0
BRDA:21,2,1,0
BRDA:22,3,0,0
BRDA:22,3,1,0
BRDA:27,4,0,0
BRDA:27,4,1,0
BRDA:29,5,0,0
BRDA:29,5,1,0
BRDA:31,6,0,0
BRDA:31,6,1,0
BRDA:32,7,0,0
BRDA:32,7,1,0
BRDA:37,8,0,0
BRDA:37,8,1,0
BRDA:37,9,0,0
BRDA:37,9,1,0
BRDA:38,10,0,0
BRDA:38,10,1,0
BRDA:51,11,0,0
BRDA:51,11,1,0
BRDA:57,12,0,0
BRDA:57,12,1,0
BRDA:64,13,0,0
BRDA:64,13,1,0
BRDA:79,14,0,0
BRDA:79,14,1,0
BRDA:80,15,0,0
BRDA:80,15,1,0
BRDA:81,16,0,0
BRDA:81,16,1,0
BRDA:85,17,0,0
BRDA:85,17,1,0
BRDA:94,18,0,0
BRDA:94,18,1,0
BRDA:99,19,0,0
BRDA:99,19,1,0
BRDA:128,20,0,0
BRDA:128,20,1,0
BRF:42
BRH:0
end_of_record
TN:
SF:src/pages/indexer/components/SearchBar.jsx
FN:11,(anonymous_0)
FN:15,(anonymous_1)
FN:28,(anonymous_2)
FN:31,(anonymous_3)
FN:49,(anonymous_4)
FNF:5
FNH:0
FNDA:0,(anonymous_0)
FNDA:0,(anonymous_1)
FNDA:0,(anonymous_2)
FNDA:0,(anonymous_3)
FNDA:0,(anonymous_4)
DA:4,0
DA:11,0
DA:12,0
DA:13,0
DA:15,0
DA:16,0
DA:17,0
DA:18,0
DA:19,0
DA:22,0
DA:28,0
DA:32,0
DA:49,0
LF:13
LH:0
BRDA:18,0,0,0
BRDA:18,0,1,0
BRDA:58,1,0,0
BRDA:58,1,1,0
BRDA:61,2,0,0
BRDA:61,2,1,0
BRF:6
BRH:0
end_of_record
TN:
SF:src/pages/indexer/components/SearchHistory.jsx
FN:4,(anonymous_0)
FN:32,(anonymous_1)
FN:56,(anonymous_2)
FN:111,(anonymous_3)
FNF:4
FNH:0
FNDA:0,(anonymous_0)
FNDA:0,(anonymous_1)
FNDA:0,(anonymous_2)
FNDA:0,(anonymous_3)
DA:4,0
DA:5,0
DA:6,0
DA:7,0
DA:8,0
DA:9,0
DA:10,0
DA:11,0
DA:14,0
DA:32,0
DA:33,0
DA:34,0
DA:41,0
DA:46,0
DA:56,0
DA:57,0
DA:58,0
DA:75,0
DA:112,0
LF:19
LH:0
BRDA:7,0,0,0
BRDA:7,0,1,0
BRDA:8,1,0,0
BRDA:8,1,1,0
BRDA:10,2,0,0
BRDA:10,2,1,0
BRDA:33,3,0,0
BRDA:33,3,1,0
BRDA:41,4,0,0
BRDA:41,4,1,0
BRDA:42,5,0,0
BRDA:42,5,1,0
BRDA:57,6,0,0
BRDA:57,6,1,0
BRDA:61,7,0,0
BRDA:61,7,1,0
BRDA:67,8,0,0
BRDA:67,8,1,0
BRDA:77,9,0,0
BRDA:77,9,1,0
BRDA:84,10,0,0
BRDA:84,10,1,0
BRDA:115,11,0,0
BRDA:115,11,1,0
BRDA:122,12,0,0
BRDA:122,12,1,0
BRDA:128,13,0,0
BRDA:128,13,1,0
BRDA:133,14,0,0
BRDA:133,14,1,0
BRDA:143,15,0,0
BRDA:143,15,1,0
BRF:32
BRH:0
end_of_record
TN:
SF:src/pages/indexer/components/SearchResults.jsx
FN:5,(anonymous_0)
FN:13,(anonymous_1)
FN:23,(anonymous_2)
FN:36,(anonymous_3)
FN:48,(anonymous_4)
FN:51,(anonymous_5)
FN:89,(anonymous_6)
FN:92,(anonymous_7)
FN:117,(anonymous_8)
FN:120,(anonymous_9)
FN:155,(anonymous_10)
FNF:11
FNH:0
FNDA:0,(anonymous_0)
FNDA:0,(anonymous_1)
FNDA:0,(anonymous_2)
FNDA:0,(anonymous_3)
FNDA:0,(anonymous_4)
FNDA:0,(anonymous_5)
FNDA:0,(anonymous_6)
FNDA:0,(anonymous_7)
FNDA:0,(anonymous_8)
FNDA:0,(anonymous_9)
FNDA:0,(anonymous_10)
DA:5,0
DA:6,0
DA:7,0
DA:8,0
DA:9,0
DA:10,0
DA:13,0
DA:14,0
DA:15,0
DA:16,0
DA:17,0
DA:18,0
DA:19,0
DA:20,0
DA:23,0
DA:24,0
DA:25,0
DA:27,0
DA:28,0
DA:36,0
DA:37,0
DA:48,0
DA:49,0
DA:51,0
DA:52,0
DA:53,0
DA:54,0
DA:57,0
DA:58,0
DA:65,0
DA:66,0
DA:73,0
DA:89,0
DA:90,0
DA:92,0
DA:93,0
DA:94,0
DA:95,0
DA:96,0
DA:99,0
DA:118,0
DA:120,0
DA:156,0
LF:43
LH:0
BRDA:6,0,0,0
BRDA:6,0,1,0
BRDA:8,1,0,0
BRDA:8,1,1,0
BRDA:16,2,0,0
BRDA:16,2,1,0
BRDA:17,3,0,0
BRDA:17,3,1,0
BRDA:18,4,0,0
BRDA:18,4,1,0
BRDA:24,5,0,0
BRDA:24,5,1,0
BRDA:24,6,0,0
BRDA:24,6,1,0
BRDA:27,7,0,0
BRDA:27,7,1,0
BRDA:27,8,0,0
BRDA:27,8,1,0
BRDA:39,9,0,0
BRDA:39,9,1,0
BRDA:44,10,0,0
BRDA:44,10,1,0
BRDA:54,11,0,0
BRDA:54,11,1,0
BRDA:57,12,0,0
BRDA:57,12,1,0
BRDA:65,13,0,0
BRDA:65,13,1,0
BRDA:79,14,0,0
BRDA:79,14,1,0
BRDA:93,15,0,0
BRDA:93,15,1,0
BRDA:93,16,0,0
BRDA:93,16,1,0
BRDA:93,17,0,0
BRDA:93,17,1,0
BRDA:94,18,0,0
BRDA:94,18,1,0
BRDA:94,19,0,0
BRDA:94,19,1,0
BRDA:94,20,0,0
BRDA:94,20,1,0
BRDA:95,21,0,0
BRDA:95,21,1,0
BRDA:106,22,0,0
BRDA:106,22,1,0
BRDA:108,23,0,0
BRDA:108,23,1,0
BRDA:122,24,0,0
BRDA:122,24,1,0
BRDA:159,25,0,0
BRDA:159,25,1,0
BRF:52
BRH:0
end_of_record
TN:
SF:src/pages/initial-configuration/index.jsx
FN:15,(anonymous_0)
FN:81,(anonymous_1)
FN:98,(anonymous_2)
FN:99,(anonymous_3)
FN:108,(anonymous_4)
FN:127,(anonymous_5)
FN:140,(anonymous_6)
FN:141,(anonymous_7)
FN:145,(anonymous_8)
FN:151,(anonymous_9)
FN:152,(anonymous_10)
FN:172,(anonymous_11)
FN:185,(anonymous_12)
FN:203,(anonymous_13)
FN:214,(anonymous_14)
FN:242,(anonymous_15)
FN:249,(anonymous_16)
FN:254,(anonymous_17)
FN:256,(anonymous_18)
FN:271,(anonymous_19)
FN:283,(anonymous_20)
FN:336,(anonymous_21)
FNF:22
FNH:15
FNDA:56,(anonymous_0)
FNDA:330,(anonymous_1)
FNDA:12,(anonymous_2)
FNDA:12,(anonymous_3)
FNDA:2,(anonymous_4)
FNDA:2,(anonymous_5)
FNDA:21,(anonymous_6)
FNDA:21,(anonymous_7)
FNDA:21,(anonymous_8)
FNDA:0,(anonymous_9)
FNDA:0,(anonymous_10)
FNDA:0,(anonymous_11)
FNDA:0,(anonymous_12)
FNDA:0,(anonymous_13)
FNDA:0,(anonymous_14)
FNDA:0,(anonymous_15)
FNDA:4,(anonymous_16)
FNDA:24,(anonymous_17)
FNDA:1,(anonymous_18)
FNDA:1,(anonymous_19)
FNDA:56,(anonymous_20)
FNDA:258,(anonymous_21)
DA:15,1
DA:16,56
DA:17,56
DA:18,56
DA:19,56
DA:21,56
DA:79,56
DA:81,330
DA:95,56
DA:98,56
DA:99,12
DA:100,12
DA:101,12
DA:102,12
DA:104,10
DA:105,2
DA:106,2
DA:108,2
DA:109,2
DA:119,2
DA:120,1
DA:127,2
DA:128,2
DA:131,1
DA:133,11
DA:137,12
DA:140,56
DA:141,21
DA:145,21
DA:151,56
DA:152,0
DA:157,0
DA:158,0
DA:162,0
DA:164,0
DA:165,0
DA:172,0
DA:176,0
DA:179,0
DA:180,0
DA:185,0
DA:189,0
DA:193,0
DA:194,0
DA:196,0
DA:197,0
DA:203,0
DA:208,0
DA:214,0
DA:220,0
DA:222,0
DA:223,0
DA:226,0
DA:227,0
DA:228,0
DA:229,0
DA:230,0
DA:231,0
DA:232,0
DA:233,0
DA:236,0
DA:242,0
DA:249,56
DA:250,4
DA:252,4
DA:254,24
DA:255,4
DA:257,1
DA:258,1
DA:269,4
DA:271,4
DA:272,1
DA:275,0
DA:276,0
DA:278,4
DA:282,56
DA:283,56
DA:286,56
DA:287,12
DA:304,43
DA:337,258
LF:81
LH:47
BRDA:85,0,0,275
BRDA:85,0,1,55
BRDA:86,1,0,55
BRDA:86,1,1,275
BRDA:87,2,0,55
BRDA:87,2,1,275
BRDA:104,3,0,2
BRDA:104,3,1,8
BRDA:104,4,0,10
BRDA:104,4,1,10
BRDA:112,5,0,2
BRDA:112,5,1,2
BRDA:114,6,0,2
BRDA:114,6,1,0
BRDA:115,7,0,2
BRDA:115,7,1,0
BRDA:116,8,0,2
BRDA:116,8,1,2
BRDA:119,9,0,1
BRDA:119,9,1,1
BRDA:122,10,0,1
BRDA:122,10,1,0
BRDA:158,11,0,0
BRDA:158,11,1,0
BRDA:159,12,0,0
BRDA:159,12,1,0
BRDA:159,12,2,0
BRDA:159,12,3,0
BRDA:160,13,0,0
BRDA:160,13,1,0
BRDA:160,13,2,0
BRDA:162,14,0,0
BRDA:162,14,1,0
BRDA:164,15,0,0
BRDA:164,15,1,0
BRDA:168,16,0,0
BRDA:168,16,1,0
BRDA:179,17,0,0
BRDA:179,17,1,0
BRDA:196,18,0,0
BRDA:196,18,1,0
BRDA:199,19,0,0
BRDA:199,19,1,0
BRDA:211,20,0,0
BRDA:211,20,1,0
BRDA:223,21,0,0
BRDA:223,21,1,0
BRDA:226,22,0,0
BRDA:226,22,1,0
BRDA:228,23,0,0
BRDA:228,23,1,0
BRDA:228,24,0,0
BRDA:228,24,1,0
BRDA:230,25,0,0
BRDA:230,25,1,0
BRDA:232,26,0,0
BRDA:232,26,1,0
BRDA:286,27,0,12
BRDA:286,27,1,44
BRDA:341,28,0,258
BRDA:341,28,1,233
BRDA:342,29,0,258
BRDA:342,29,1,258
BRDA:343,30,0,258
BRDA:343,30,1,258
BRDA:344,31,0,258
BRDA:344,31,1,258
BRDA:345,32,0,258
BRDA:345,32,1,0
BRDA:346,33,0,258
BRDA:346,33,1,256
BRDA:347,34,0,258
BRDA:347,34,1,258
BRDA:372,35,0,0
BRDA:372,35,1,43
BRDA:384,36,0,4
BRDA:384,36,1,39
BRDA:388,37,0,4
BRDA:388,37,1,39
BRDA:392,38,0,56
BRDA:392,38,1,4
BRF:81
BRH:41
end_of_record
TN:
SF:src/pages/initial-configuration/components/ConfigurationProgress.jsx
FN:4,(anonymous_0)
FN:6,(anonymous_1)
FN:43,(anonymous_2)
FN:90,(anonymous_3)
FN:91,(anonymous_4)
FN:99,(anonymous_5)
FN:156,(anonymous_6)
FNF:7
FNH:7
FNDA:53,(anonymous_0)
FNDA:876,(anonymous_1)
FNDA:292,(anonymous_2)
FNDA:53,(anonymous_3)
FNDA:292,(anonymous_4)
FNDA:292,(anonymous_5)
FNDA:292,(anonymous_6)
DA:4,2
DA:6,53
DA:7,876
DA:8,876
DA:11,876
DA:12,876
DA:15,876
DA:16,768
DA:20,108
DA:21,60
DA:25,48
DA:26,6
DA:30,42
DA:31,39
DA:35,3
DA:36,3
DA:39,0
DA:43,53
DA:44,292
DA:86,292
DA:90,53
DA:91,292
DA:94,53
DA:95,53
DA:96,53
DA:99,53
DA:100,292
DA:101,292
DA:102,292
DA:105,53
DA:157,292
DA:158,292
DA:160,292
LF:33
LH:32
BRDA:12,0,0,120
BRDA:12,0,1,756
BRDA:13,1,0,120
BRDA:13,1,1,0
BRDA:13,1,2,0
BRDA:14,2,0,756
BRDA:14,2,1,654
BRDA:15,3,0,768
BRDA:15,3,1,108
BRDA:15,4,0,876
BRDA:15,4,1,177
BRDA:20,5,0,60
BRDA:20,5,1,48
BRDA:20,6,0,108
BRDA:20,6,1,48
BRDA:20,6,2,48
BRDA:25,7,0,6
BRDA:25,7,1,42
BRDA:30,8,0,39
BRDA:30,8,1,3
BRDA:35,9,0,3
BRDA:35,9,1,0
BRDA:86,10,0,292
BRDA:86,10,1,0
BRDA:91,11,0,53
BRDA:91,11,1,47
BRDA:94,12,0,53
BRDA:94,12,1,0
BRDA:96,13,0,53
BRDA:96,13,1,0
BRDA:101,14,0,292
BRDA:101,14,1,63
BRDA:133,15,0,53
BRDA:133,15,1,44
BRDA:133,15,2,9
BRDA:138,16,0,9
BRDA:138,16,1,9
BRDA:146,17,0,9
BRDA:146,17,1,2
BRDA:172,18,0,1
BRDA:172,18,1,291
BRDA:183,19,0,53
BRDA:183,19,1,2
BRDA:183,19,2,2
BRF:44
BRH:38
end_of_record
TN:
SF:src/pages/initial-configuration/components/QuickStartGuide.jsx
FN:5,(anonymous_0)
FN:59,(anonymous_1)
FN:77,(anonymous_2)
FN:83,(anonymous_3)
FN:108,(anonymous_4)
FNF:5
FNH:2
FNDA:40,(anonymous_0)
FNDA:0,(anonymous_1)
FNDA:160,(anonymous_2)
FNDA:0,(anonymous_3)
FNDA:0,(anonymous_4)
DA:5,1
DA:6,40
DA:8,40
DA:59,40
DA:60,0
DA:63,40
DA:78,160
DA:83,0
DA:109,0
LF:9
LH:6
BRDA:60,0,0,0
BRDA:60,0,1,0
BRDA:99,1,0,0
BRDA:99,1,1,160
BRDA:105,2,0,160
BRDA:105,2,1,0
BRF:6
BRH:2
end_of_record
TN:
SF:src/pages/initial-configuration/components/ServiceCard.jsx
FN:6,(anonymous_0)
FN:22,(anonymous_1)
FN:34,(anonymous_2)
FN:40,(anonymous_3)
FN:54,(anonymous_4)
FN:109,(anonymous_5)
FN:121,(anonymous_6)
FN:134,(anonymous_7)
FN:140,(anonymous_8)
FN:157,(anonymous_9)
FN:163,(anonymous_10)
FN:177,(anonymous_11)
FN:200,(anonymous_12)
FNF:13
FNH:12
FNDA:489,(anonymous_0)
FNDA:106,(anonymous_1)
FNDA:140,(anonymous_2)
FNDA:487,(anonymous_3)
FNDA:487,(anonymous_4)
FNDA:105,(anonymous_5)
FNDA:5,(anonymous_6)
FNDA:4,(anonymous_7)
FNDA:1,(anonymous_8)
FNDA:26,(anonymous_9)
FNDA:2,(anonymous_10)
FNDA:0,(anonymous_11)
FNDA:1,(anonymous_12)
DA:6,2
DA:7,489
DA:8,489
DA:9,489
DA:19,489
DA:22,489
DA:23,106
DA:34,489
DA:35,140
DA:36,140
DA:37,140
DA:40,489
DA:41,487
DA:42,10
DA:44,4
DA:46,2
DA:48,4
DA:50,0
DA:54,489
DA:55,487
DA:56,10
DA:58,4
DA:60,2
DA:62,4
DA:64,0
DA:68,489
DA:72,489
DA:109,105
DA:121,5
DA:134,4
DA:140,1
DA:157,26
DA:163,2
DA:177,0
DA:200,1
LF:35
LH:32
BRDA:10,0,0,489
BRDA:10,0,1,437
BRDA:12,1,0,489
BRDA:12,1,1,487
BRDA:14,2,0,489
BRDA:14,2,1,0
BRDA:15,3,0,489
BRDA:15,3,1,479
BRDA:16,4,0,489
BRDA:16,4,1,487
BRDA:24,5,0,106
BRDA:24,5,1,82
BRDA:26,6,0,106
BRDA:26,6,1,106
BRDA:28,7,0,106
BRDA:28,7,1,0
BRDA:29,8,0,106
BRDA:29,8,1,102
BRDA:30,9,0,106
BRDA:30,9,1,106
BRDA:41,10,0,477
BRDA:41,10,1,10
BRDA:42,11,0,4
BRDA:42,11,1,2
BRDA:42,11,2,4
BRDA:42,11,3,0
BRDA:55,12,0,477
BRDA:55,12,1,10
BRDA:56,13,0,4
BRDA:56,13,1,2
BRDA:56,13,2,4
BRDA:56,13,3,0
BRDA:68,14,0,88
BRDA:68,14,1,399
BRDA:69,15,0,88
BRDA:69,15,1,30
BRDA:69,15,2,9
BRDA:69,15,3,5
BRDA:70,16,0,399
BRDA:70,16,1,133
BRDA:70,16,2,113
BRDA:93,17,0,4
BRDA:93,17,1,483
BRDA:96,18,0,489
BRDA:96,18,1,4
BRDA:97,19,0,489
BRDA:97,19,1,2
BRDA:98,20,0,489
BRDA:98,20,1,4
BRDA:99,21,0,489
BRDA:99,21,1,477
BRDA:114,22,0,88
BRDA:114,22,1,399
BRDA:129,23,0,1
BRDA:129,23,1,87
BRDA:131,24,0,0
BRDA:131,24,1,88
BRDA:142,25,0,1
BRDA:142,25,1,87
BRDA:144,26,0,1
BRDA:144,26,1,87
BRDA:152,27,0,1
BRDA:152,27,1,398
BRDA:154,28,0,8
BRDA:154,28,1,391
BRDA:165,29,0,1
BRDA:165,29,1,398
BRDA:167,30,0,1
BRDA:167,30,1,398
BRDA:175,31,0,88
BRDA:175,31,1,399
BRDA:181,32,0,489
BRDA:181,32,1,10
BRDA:184,33,0,4
BRDA:184,33,1,6
BRDA:186,34,0,2
BRDA:186,34,1,4
BRDA:192,35,0,10
BRDA:192,35,1,2
BRDA:201,36,0,489
BRDA:201,36,1,30
BRDA:209,37,0,489
BRDA:209,37,1,461
BRDA:209,37,2,453
BRDA:209,37,3,449
BRDA:209,37,4,38
BRDA:213,38,0,4
BRDA:213,38,1,34
BRF:88
BRH:83
end_of_record
TN:
SF:src/pages/jellyfin-statistics/index.jsx
FN:18,(anonymous_0)
FN:41,(anonymous_1)
FN:74,(anonymous_2)
FN:82,(anonymous_3)
FN:101,(anonymous_4)
FN:115,(anonymous_5)
FN:122,(anonymous_6)
FN:146,(anonymous_7)
FN:147,(anonymous_8)
FN:176,(anonymous_9)
FN:198,(anonymous_10)
FN:199,(anonymous_11)
FN:215,(anonymous_12)
FN:221,(anonymous_13)
FN:222,(anonymous_14)
FN:225,(anonymous_15)
FN:230,(anonymous_16)
FN:241,(anonymous_17)
FN:246,(anonymous_18)
FN:260,(anonymous_19)
FNF:20
FNH:0
FNDA:0,(anonymous_0)
FNDA:0,(anonymous_1)
FNDA:0,(anonymous_2)
FNDA:0,(anonymous_3)
FNDA:0,(anonymous_4)
FNDA:0,(anonymous_5)
FNDA:0,(anonymous_6)
FNDA:0,(anonymous_7)
FNDA:0,(anonymous_8)
FNDA:0,(anonymous_9)
FNDA:0,(anonymous_10)
FNDA:0,(anonymous_11)
FNDA:0,(anonymous_12)
FNDA:0,(anonymous_13)
FNDA:0,(anonymous_14)
FNDA:0,(anonymous_15)
FNDA:0,(anonymous_16)
FNDA:0,(anonymous_17)
FNDA:0,(anonymous_18)
FNDA:0,(anonymous_19)
DA:18,0
DA:19,0
DA:28,0
DA:29,0
DA:30,0
DA:31,0
DA:32,0
DA:33,0
DA:34,0
DA:35,0
DA:36,0
DA:37,0
DA:38,0
DA:41,0
DA:42,0
DA:43,0
DA:45,0
DA:46,0
DA:53,0
DA:55,0
DA:56,0
DA:58,0
DA:59,0
DA:61,0
DA:62,0
DA:64,0
DA:67,0
DA:74,0
DA:75,0
DA:76,0
DA:77,0
DA:78,0
DA:82,0
DA:91,0
DA:93,0
DA:94,0
DA:96,0
DA:101,0
DA:102,0
DA:103,0
DA:104,0
DA:105,0
DA:107,0
DA:108,0
DA:110,0
DA:115,0
DA:116,0
DA:117,0
DA:118,0
DA:122,0
DA:136,0
DA:138,0
DA:139,0
DA:141,0
DA:146,0
DA:147,0
DA:148,0
DA:149,0
DA:150,0
DA:153,0
DA:154,0
DA:155,0
DA:156,0
DA:159,0
DA:176,0
DA:185,0
DA:187,0
DA:188,0
DA:190,0
DA:194,0
DA:198,0
DA:199,0
DA:200,0
DA:201,0
DA:202,0
DA:203,0
DA:205,0
DA:206,0
DA:208,0
DA:211,0
DA:215,0
DA:216,0
DA:217,0
DA:218,0
DA:221,0
DA:222,0
DA:225,0
DA:226,0
DA:227,0
DA:230,0
DA:231,0
DA:241,0
DA:242,0
DA:246,0
DA:247,0
DA:249,0
DA:254,0
DA:260,0
DA:261,0
DA:263,0
DA:268,0
DA:274,0
LF:102
LH:0
BRDA:45,0,0,0
BRDA:45,0,1,0
BRDA:45,1,0,0
BRDA:45,1,1,0
BRDA:45,1,2,0
BRDA:53,2,0,0
BRDA:53,2,1,0
BRDA:53,2,2,0
BRDA:53,2,3,0
BRDA:82,3,0,0
BRDA:82,3,1,0
BRDA:87,4,0,0
BRDA:87,4,1,0
BRDA:88,5,0,0
BRDA:88,5,1,0
BRDA:122,6,0,0
BRDA:122,6,1,0
BRDA:123,7,0,0
BRDA:123,7,1,0
BRDA:123,7,2,0
BRDA:124,8,0,0
BRDA:124,8,1,0
BRDA:125,9,0,0
BRDA:125,9,1,0
BRDA:127,10,0,0
BRDA:127,10,1,0
BRDA:128,11,0,0
BRDA:128,11,1,0
BRDA:129,12,0,0
BRDA:129,12,1,0
BRDA:130,13,0,0
BRDA:130,13,1,0
BRDA:131,14,0,0
BRDA:131,14,1,0
BRDA:132,15,0,0
BRDA:132,15,1,0
BRDA:153,16,0,0
BRDA:153,16,1,0
BRDA:154,17,0,0
BRDA:154,17,1,0
BRDA:155,18,0,0
BRDA:155,18,1,0
BRDA:156,19,0,0
BRDA:156,19,1,0
BRDA:160,20,0,0
BRDA:160,20,1,0
BRDA:161,21,0,0
BRDA:161,21,1,0
BRDA:166,22,0,0
BRDA:166,22,1,0
BRDA:167,23,0,0
BRDA:167,23,1,0
BRDA:168,24,0,0
BRDA:168,24,1,0
BRDA:173,25,0,0
BRDA:173,25,1,0
BRDA:174,26,0,0
BRDA:174,26,1,0
BRDA:176,27,0,0
BRDA:176,27,1,0
BRDA:177,28,0,0
BRDA:177,28,1,0
BRDA:178,29,0,0
BRDA:178,29,1,0
BRDA:179,30,0,0
BRDA:179,30,1,0
BRDA:180,31,0,0
BRDA:180,31,1,0
BRDA:181,32,0,0
BRDA:181,32,1,0
BRDA:182,33,0,0
BRDA:182,33,1,0
BRDA:247,34,0,0
BRDA:247,34,1,0
BRDA:261,35,0,0
BRDA:261,35,1,0
BRF:76
BRH:0
end_of_record
TN:
SF:src/pages/jellyfin-statistics/components/DeviceBreakdownCard.jsx
FN:5,(anonymous_0)
FN:18,(anonymous_1)
FN:26,formatDeviceName
FN:39,(anonymous_3)
FN:54,(anonymous_4)
FN:96,(anonymous_5)
FN:105,(anonymous_6)
FNF:7
FNH:0
FNDA:0,(anonymous_0)
FNDA:0,(anonymous_1)
FNDA:0,formatDeviceName
FNDA:0,(anonymous_3)
FNDA:0,(anonymous_4)
FNDA:0,(anonymous_5)
FNDA:0,(anonymous_6)
DA:5,0
DA:6,0
DA:18,0
DA:27,0
DA:36,0
DA:39,0
DA:40,0
DA:41,0
DA:51,0
DA:54,0
DA:55,0
DA:64,0
DA:67,0
DA:97,0
DA:106,0
LF:15
LH:0
BRDA:18,0,0,0
BRDA:18,0,1,0
BRDA:20,1,0,0
BRDA:20,1,1,0
BRDA:21,2,0,0
BRDA:21,2,1,0
BRDA:36,3,0,0
BRDA:36,3,1,0
BRDA:40,4,0,0
BRDA:40,4,1,0
BRDA:40,5,0,0
BRDA:40,5,1,0
BRDA:40,5,2,0
BRDA:64,6,0,0
BRDA:64,6,1,0
BRDA:78,7,0,0
BRDA:78,7,1,0
BRDA:82,8,0,0
BRDA:82,8,1,0
BRF:19
BRH:0
end_of_record
TN:
SF:src/pages/jellyfin-statistics/components/FilterToolbar.jsx
FN:6,(anonymous_0)
FN:93,(anonymous_1)
FN:101,(anonymous_2)
FN:109,(anonymous_3)
FN:118,(anonymous_4)
FN:129,(anonymous_5)
FN:138,(anonymous_6)
FNF:7
FNH:0
FNDA:0,(anonymous_0)
FNDA:0,(anonymous_1)
FNDA:0,(anonymous_2)
FNDA:0,(anonymous_3)
FNDA:0,(anonymous_4)
FNDA:0,(anonymous_5)
FNDA:0,(anonymous_6)
DA:6,0
DA:7,0
DA:15,0
DA:27,0
DA:36,0
DA:45,0
DA:93,0
DA:101,0
DA:109,0
DA:118,0
DA:129,0
DA:138,0
LF:12
LH:0
BRDA:122,0,0,0
BRDA:122,0,1,0
BRDA:128,1,0,0
BRDA:128,1,1,0
BRDA:137,2,0,0
BRDA:137,2,1,0
BRF:6
BRH:0
end_of_record
TN:
SF:src/pages/jellyfin-statistics/components/MediaAnalyticsTable.jsx
FN:5,(anonymous_0)
FN:11,(anonymous_1)
FN:12,(anonymous_2)
FN:21,(anonymous_3)
FN:28,(anonymous_4)
FN:76,(anonymous_5)
FN:85,(anonymous_6)
FN:94,(anonymous_7)
FN:103,(anonymous_8)
FN:112,(anonymous_9)
FN:125,(anonymous_10)
FNF:11
FNH:0
FNDA:0,(anonymous_0)
FNDA:0,(anonymous_1)
FNDA:0,(anonymous_2)
FNDA:0,(anonymous_3)
FNDA:0,(anonymous_4)
FNDA:0,(anonymous_5)
FNDA:0,(anonymous_6)
FNDA:0,(anonymous_7)
FNDA:0,(anonymous_8)
FNDA:0,(anonymous_9)
FNDA:0,(anonymous_10)
DA:5,0
DA:6,0
DA:11,0
DA:12,0
DA:13,0
DA:14,0
DA:16,0
DA:18,0
DA:21,0
DA:22,0
DA:28,0
DA:29,0
DA:30,0
DA:32,0
DA:41,0
DA:76,0
DA:85,0
DA:94,0
DA:103,0
DA:112,0
DA:126,0
LF:21
LH:0
BRDA:13,0,0,0
BRDA:13,0,1,0
BRDA:14,1,0,0
BRDA:14,1,1,0
BRDA:16,2,0,0
BRDA:16,2,1,0
BRDA:24,3,0,0
BRDA:24,3,1,0
BRDA:24,4,0,0
BRDA:24,4,1,0
BRDA:29,5,0,0
BRDA:29,5,1,0
BRDA:34,6,0,0
BRDA:34,6,1,0
BRDA:59,7,0,0
BRDA:59,7,1,0
BRDA:66,8,0,0
BRDA:66,8,1,0
BRDA:143,9,0,0
BRDA:143,9,1,0
BRDA:143,9,2,0
BRDA:156,10,0,0
BRDA:156,10,1,0
BRDA:175,11,0,0
BRDA:175,11,1,0
BRDA:178,12,0,0
BRDA:178,12,1,0
BRF:27
BRH:0
end_of_record
TN:
SF:src/pages/jellyfin-statistics/components/ServerPerformancePanel.jsx
FN:4,(anonymous_0)
FN:5,(anonymous_1)
FN:82,(anonymous_2)
FN:112,(anonymous_3)
FN:137,(anonymous_4)
FNF:5
FNH:0
FNDA:0,(anonymous_0)
FNDA:0,(anonymous_1)
FNDA:0,(anonymous_2)
FNDA:0,(anonymous_3)
FNDA:0,(anonymous_4)
DA:4,0
DA:5,0
DA:6,0
DA:35,0
DA:36,0
DA:56,0
DA:83,0
DA:84,0
DA:85,0
DA:86,0
DA:89,0
DA:90,0
DA:92,0
DA:93,0
DA:95,0
DA:113,0
DA:114,0
DA:115,0
DA:118,0
DA:119,0
DA:121,0
DA:124,0
DA:138,0
LF:23
LH:0
BRDA:22,0,0,0
BRDA:22,0,1,0
BRDA:35,1,0,0
BRDA:35,1,1,0
BRDA:73,2,0,0
BRDA:73,2,1,0
BRDA:80,3,0,0
BRDA:80,3,1,0
BRDA:81,4,0,0
BRDA:81,4,1,0
BRDA:83,5,0,0
BRDA:83,5,1,0
BRDA:84,6,0,0
BRDA:84,6,1,0
BRDA:92,7,0,0
BRDA:92,7,1,0
BRDA:93,8,0,0
BRDA:93,8,1,0
BRDA:103,9,0,0
BRDA:103,9,1,0
BRDA:110,10,0,0
BRDA:110,10,1,0
BRDA:111,11,0,0
BRDA:111,11,1,0
BRDA:113,12,0,0
BRDA:113,12,1,0
BRDA:114,13,0,0
BRDA:114,13,1,0
BRDA:121,14,0,0
BRDA:121,14,1,0
BRF:30
BRH:0
end_of_record
TN:
SF:src/pages/jellyfin-statistics/components/UsageChart.jsx
FN:16,(anonymous_0)
FN:17,(anonymous_1)
FN:22,(anonymous_2)
FN:51,(anonymous_3)
FN:62,(anonymous_4)
FNF:5
FNH:0
FNDA:0,(anonymous_0)
FNDA:0,(anonymous_1)
FNDA:0,(anonymous_2)
FNDA:0,(anonymous_3)
FNDA:0,(anonymous_4)
DA:16,0
DA:17,0
DA:18,0
DA:19,0
DA:23,0
DA:33,0
DA:36,0
DA:51,0
DA:62,0
LF:9
LH:0
BRDA:18,0,0,0
BRDA:18,0,1,0
BRDA:18,1,0,0
BRDA:18,1,1,0
BRDA:18,1,2,0
BRDA:26,2,0,0
BRDA:26,2,1,0
BRDA:53,3,0,0
BRDA:53,3,1,0
BRDA:64,4,0,0
BRDA:64,4,1,0
BRDA:75,5,0,0
BRDA:75,5,1,0
BRDA:82,6,0,0
BRDA:82,6,1,0
BRDA:92,7,0,0
BRDA:92,7,1,0
BRF:17
BRH:0
end_of_record
TN:
SF:src/pages/jellyfin-statistics/components/UserLeaderboard.jsx
FN:19,(anonymous_0)
FN:33,(anonymous_1)
FN:81,(anonymous_2)
FNF:3
FNH:0
FNDA:0,(anonymous_0)
FNDA:0,(anonymous_1)
FNDA:0,(anonymous_2)
DA:4,0
DA:13,0
DA:19,0
DA:20,0
DA:21,0
DA:34,0
DA:41,0
DA:42,0
DA:61,0
DA:63,0
DA:82,0
DA:83,0
DA:84,0
DA:85,0
DA:87,0
LF:15
LH:0
BRDA:20,0,0,0
BRDA:20,0,1,0
BRDA:41,1,0,0
BRDA:41,1,1,0
BRDA:61,2,0,0
BRDA:61,2,1,0
BRDA:76,3,0,0
BRDA:76,3,1,0
BRDA:82,4,0,0
BRDA:82,4,1,0
BRDA:83,5,0,0
BRDA:83,5,1,0
BRDA:84,6,0,0
BRDA:84,6,1,0
BRDA:85,7,0,0
BRDA:85,7,1,0
BRDA:92,8,0,0
BRDA:92,8,1,0
BRDA:94,9,0,0
BRDA:94,9,1,0
BRDA:112,10,0,0
BRDA:112,10,1,0
BRDA:123,11,0,0
BRDA:123,11,1,0
BRDA:124,12,0,0
BRDA:124,12,1,0
BRDA:124,12,2,0
BRDA:125,13,0,0
BRDA:125,13,1,0
BRDA:138,14,0,0
BRDA:138,14,1,0
BRDA:138,15,0,0
BRDA:138,15,1,0
BRDA:138,16,0,0
BRDA:138,16,1,0
BRF:35
BRH:0
end_of_record
TN:
SF:src/pages/jellyfin-statistics/components/UserStatsCard.jsx
FN:4,(anonymous_0)
FNF:1
FNH:0
FNDA:0,(anonymous_0)
DA:4,0
DA:5,0
LF:2
LH:0
BRDA:19,0,0,0
BRDA:19,0,1,0
BRDA:21,1,0,0
BRDA:21,1,1,0
BRF:4
BRH:0
end_of_record
TN:
SF:src/pages/jellyseerr-requests/index.jsx
FN:14,(anonymous_0)
FN:26,(anonymous_1)
FN:30,(anonymous_2)
FN:34,(anonymous_3)
FN:47,(anonymous_4)
FN:52,(anonymous_5)
FN:65,(anonymous_6)
FN:70,(anonymous_7)
FN:75,(anonymous_8)
FN:81,(anonymous_9)
FN:82,(anonymous_10)
FN:88,(anonymous_11)
FN:91,(anonymous_12)
FN:91,(anonymous_13)
FN:95,(anonymous_14)
FN:98,(anonymous_15)
FN:98,(anonymous_16)
FN:102,(anonymous_17)
FN:111,(anonymous_18)
FN:120,(anonymous_19)
FN:130,(anonymous_20)
FN:165,(anonymous_21)
FN:166,(anonymous_22)
FN:172,(anonymous_23)
FN:197,(anonymous_24)
FN:224,(anonymous_25)
FNF:26
FNH:23
FNDA:210,(anonymous_0)
FNDA:27,(anonymous_1)
FNDA:104,(anonymous_2)
FNDA:27,(anonymous_3)
FNDA:104,(anonymous_4)
FNDA:52,(anonymous_5)
FNDA:15,(anonymous_6)
FNDA:4,(anonymous_7)
FNDA:0,(anonymous_8)
FNDA:9,(anonymous_9)
FNDA:9,(anonymous_10)
FNDA:3,(anonymous_11)
FNDA:2,(anonymous_12)
FNDA:2,(anonymous_13)
FNDA:2,(anonymous_14)
FNDA:2,(anonymous_15)
FNDA:2,(anonymous_16)
FNDA:0,(anonymous_17)
FNDA:627,(anonymous_18)
FNDA:627,(anonymous_19)
FNDA:242,(anonymous_20)
FNDA:627,(anonymous_21)
FNDA:726,(anonymous_22)
FNDA:0,(anonymous_23)
FNDA:112,(anonymous_24)
FNDA:1,(anonymous_25)
DA:14,1
DA:15,210
DA:16,210
DA:17,210
DA:18,210
DA:19,210
DA:20,210
DA:26,210
DA:27,27
DA:30,210
DA:31,104
DA:34,210
DA:35,27
DA:36,27
DA:38,27
DA:39,25
DA:41,1
DA:43,26
DA:47,210
DA:48,104
DA:51,104
DA:52,38
DA:53,52
DA:58,104
DA:59,6
DA:64,6
DA:65,15
DA:69,104
DA:70,4
DA:74,104
DA:75,0
DA:78,104
DA:81,210
DA:82,9
DA:88,210
DA:89,3
DA:90,3
DA:91,2
DA:95,210
DA:96,2
DA:97,2
DA:98,2
DA:102,210
DA:103,0
DA:108,0
DA:111,210
DA:112,627
DA:117,627
DA:120,210
DA:121,627
DA:126,627
DA:130,242
DA:132,210
DA:166,726
DA:167,627
DA:168,627
DA:172,0
DA:198,112
DA:225,1
DA:226,1
LF:60
LH:56
BRDA:51,0,0,38
BRDA:51,0,1,66
BRDA:58,1,0,6
BRDA:58,1,1,98
BRDA:69,2,0,2
BRDA:69,2,1,102
BRDA:74,3,0,0
BRDA:74,3,1,104
BRDA:90,4,0,2
BRDA:90,4,1,1
BRDA:91,5,0,2
BRDA:91,5,1,0
BRDA:97,6,0,2
BRDA:97,6,1,0
BRDA:98,7,0,2
BRDA:98,7,1,0
BRDA:108,8,0,0
BRDA:108,8,1,0
BRDA:117,9,0,627
BRDA:117,9,1,0
BRDA:126,10,0,627
BRDA:126,10,1,0
BRDA:191,11,0,54
BRDA:191,11,1,155
BRDA:195,12,0,77
BRDA:195,12,1,78
BRDA:211,13,0,48
BRDA:211,13,1,30
BRDA:211,14,0,78
BRDA:211,14,1,31
BRDA:211,14,2,30
BRDA:211,14,3,30
BRDA:217,15,0,78
BRDA:217,15,1,31
BRDA:217,15,2,30
BRDA:217,15,3,30
BRDA:217,15,4,48
BRF:37
BRH:29
end_of_record
TN:
SF:src/pages/jellyseerr-requests/components/FilterToolbar.jsx
FN:6,(anonymous_0)
FN:29,(anonymous_1)
FN:48,(anonymous_2)
FN:59,(anonymous_3)
FN:66,(anonymous_4)
FN:73,(anonymous_5)
FN:93,(anonymous_6)
FNF:7
FNH:7
FNDA:20,(anonymous_0)
FNDA:60,(anonymous_1)
FNDA:2,(anonymous_2)
FNDA:1,(anonymous_3)
FNDA:1,(anonymous_4)
FNDA:1,(anonymous_5)
FNDA:3,(anonymous_6)
DA:6,1
DA:14,20
DA:23,20
DA:29,60
DA:34,20
DA:48,2
DA:59,1
DA:66,1
DA:73,1
DA:94,3
DA:95,3
DA:96,3
DA:97,3
LF:13
LH:13
BRDA:30,0,0,20
BRDA:30,0,1,40
BRDA:82,1,0,1
BRDA:82,1,1,19
BRDA:83,2,0,20
BRDA:83,2,1,17
BRDA:83,2,2,15
BRDA:83,2,3,14
BRDA:83,2,4,7
BRF:9
BRH:9
end_of_record
TN:
SF:src/pages/library/index.jsx
FN:16,(anonymous_0)
FN:55,(anonymous_1)
FN:62,(anonymous_2)
FN:62,(anonymous_3)
FN:63,(anonymous_4)
FN:63,(anonymous_5)
FN:64,(anonymous_6)
FN:64,(anonymous_7)
FN:65,(anonymous_8)
FN:65,(anonymous_9)
FN:66,(anonymous_10)
FN:66,(anonymous_11)
FN:68,(anonymous_12)
FN:70,(anonymous_13)
FN:71,(anonymous_14)
FN:72,(anonymous_15)
FN:86,(anonymous_16)
FN:99,(anonymous_17)
FN:100,(anonymous_18)
FN:106,(anonymous_19)
FN:140,(anonymous_20)
FN:145,(anonymous_21)
FN:152,(anonymous_22)
FN:157,(anonymous_23)
FN:163,(anonymous_24)
FN:164,(anonymous_25)
FN:215,(anonymous_26)
FN:218,(anonymous_27)
FNF:28
FNH:0
FNDA:0,(anonymous_0)
FNDA:0,(anonymous_1)
FNDA:0,(anonymous_2)
FNDA:0,(anonymous_3)
FNDA:0,(anonymous_4)
FNDA:0,(anonymous_5)
FNDA:0,(anonymous_6)
FNDA:0,(anonymous_7)
FNDA:0,(anonymous_8)
FNDA:0,(anonymous_9)
FNDA:0,(anonymous_10)
FNDA:0,(anonymous_11)
FNDA:0,(anonymous_12)
FNDA:0,(anonymous_13)
FNDA:0,(anonymous_14)
FNDA:0,(anonymous_15)
FNDA:0,(anonymous_16)
FNDA:0,(anonymous_17)
FNDA:0,(anonymous_18)
FNDA:0,(anonymous_19)
FNDA:0,(anonymous_20)
FNDA:0,(anonymous_21)
FNDA:0,(anonymous_22)
FNDA:0,(anonymous_23)
FNDA:0,(anonymous_24)
FNDA:0,(anonymous_25)
FNDA:0,(anonymous_26)
FNDA:0,(anonymous_27)
DA:16,0
DA:18,0
DA:21,0
DA:23,0
DA:24,0
DA:27,0
DA:28,0
DA:29,0
DA:33,0
DA:37,0
DA:38,0
DA:40,0
DA:43,0
DA:47,0
DA:55,0
DA:56,0
DA:57,0
DA:60,0
DA:62,0
DA:63,0
DA:64,0
DA:65,0
DA:66,0
DA:68,0
DA:70,0
DA:71,0
DA:72,0
DA:73,0
DA:74,0
DA:76,0
DA:86,0
DA:87,0
DA:88,0
DA:94,0
DA:95,0
DA:96,0
DA:99,0
DA:100,0
DA:101,0
DA:102,0
DA:103,0
DA:106,0
DA:107,0
DA:108,0
DA:127,0
DA:129,0
DA:130,0
DA:132,0
DA:136,0
DA:140,0
DA:141,0
DA:144,0
DA:145,0
DA:146,0
DA:151,0
DA:152,0
DA:156,0
DA:157,0
DA:160,0
DA:163,0
DA:164,0
DA:167,0
DA:216,0
DA:218,0
LF:64
LH:0
BRDA:18,0,0,0
BRDA:18,0,1,0
BRDA:18,1,0,0
BRDA:18,1,1,0
BRDA:21,2,0,0
BRDA:21,2,1,0
BRDA:23,3,0,0
BRDA:23,3,1,0
BRDA:28,4,0,0
BRDA:28,4,1,0
BRDA:33,5,0,0
BRDA:33,5,1,0
BRDA:37,6,0,0
BRDA:37,6,1,0
BRDA:38,7,0,0
BRDA:38,7,1,0
BRDA:56,8,0,0
BRDA:56,8,1,0
BRDA:56,9,0,0
BRDA:56,9,1,0
BRDA:68,10,0,0
BRDA:68,10,1,0
BRDA:70,11,0,0
BRDA:70,11,1,0
BRDA:72,12,0,0
BRDA:72,12,1,0
BRDA:72,13,0,0
BRDA:72,13,1,0
BRDA:74,14,0,0
BRDA:74,14,1,0
BRDA:106,15,0,0
BRDA:106,15,1,0
BRDA:112,16,0,0
BRDA:112,16,1,0
BRDA:113,17,0,0
BRDA:113,17,1,0
BRDA:114,18,0,0
BRDA:114,18,1,0
BRDA:117,19,0,0
BRDA:117,19,1,0
BRDA:117,19,2,0
BRDA:119,20,0,0
BRDA:119,20,1,0
BRDA:120,21,0,0
BRDA:120,21,1,0
BRDA:121,22,0,0
BRDA:121,22,1,0
BRDA:122,23,0,0
BRDA:122,23,1,0
BRDA:123,24,0,0
BRDA:123,24,1,0
BRDA:124,25,0,0
BRDA:124,25,1,0
BRDA:144,26,0,0
BRDA:144,26,1,0
BRDA:151,27,0,0
BRDA:151,27,1,0
BRDA:156,28,0,0
BRDA:156,28,1,0
BRDA:196,29,0,0
BRDA:196,29,1,0
BRDA:220,30,0,0
BRDA:220,30,1,0
BRF:63
BRH:0
end_of_record
TN:
SF:src/pages/library/components/FilterToolbar.jsx
FN:7,(anonymous_0)
FN:47,(anonymous_1)
FN:58,(anonymous_2)
FN:65,(anonymous_3)
FN:72,(anonymous_4)
FN:79,(anonymous_5)
FN:96,(anonymous_6)
FNF:7
FNH:0
FNDA:0,(anonymous_0)
FNDA:0,(anonymous_1)
FNDA:0,(anonymous_2)
FNDA:0,(anonymous_3)
FNDA:0,(anonymous_4)
FNDA:0,(anonymous_5)
FNDA:0,(anonymous_6)
DA:7,0
DA:8,0
DA:14,0
DA:21,0
DA:28,0
DA:33,0
DA:47,0
DA:58,0
DA:65,0
DA:72,0
DA:79,0
DA:97,0
DA:98,0
DA:99,0
LF:14
LH:0
BRDA:88,0,0,0
BRDA:88,0,1,0
BRDA:89,1,0,0
BRDA:89,1,1,0
BRDA:89,1,2,0
BRDA:89,1,3,0
BRF:6
BRH:0
end_of_record
TN:
SF:src/pages/library/components/MediaCard.jsx
FN:7,(anonymous_0)
FN:10,(anonymous_1)
FN:14,(anonymous_2)
FN:18,(anonymous_3)
FN:29,(anonymous_4)
FN:35,(anonymous_5)
FNF:6
FNH:0
FNDA:0,(anonymous_0)
FNDA:0,(anonymous_1)
FNDA:0,(anonymous_2)
FNDA:0,(anonymous_3)
FNDA:0,(anonymous_4)
FNDA:0,(anonymous_5)
DA:7,0
DA:8,0
DA:10,0
DA:11,0
DA:14,0
DA:15,0
DA:18,0
DA:19,0
DA:20,0
DA:21,0
DA:22,0
DA:29,0
DA:30,0
DA:31,0
DA:32,0
DA:35,0
DA:36,0
DA:39,0
LF:18
LH:0
BRDA:11,0,0,0
BRDA:11,0,1,0
BRDA:15,1,0,0
BRDA:15,1,1,0
BRDA:19,2,0,0
BRDA:19,2,1,0
BRDA:21,3,0,0
BRDA:21,3,1,0
BRDA:30,4,0,0
BRDA:30,4,1,0
BRDA:31,5,0,0
BRDA:31,5,1,0
BRDA:56,6,0,0
BRDA:56,6,1,0
BRDA:69,7,0,0
BRDA:69,7,1,0
BRDA:108,8,0,0
BRDA:108,8,1,0
BRDA:125,9,0,0
BRDA:125,9,1,0
BRDA:127,10,0,0
BRDA:127,10,1,0
BRDA:129,11,0,0
BRDA:129,11,1,0
BRDA:133,12,0,0
BRDA:133,12,1,0
BRDA:133,13,0,0
BRDA:133,13,1,0
BRDA:147,14,0,0
BRDA:147,14,1,0
BRF:30
BRH:0
end_of_record
TN:
SF:src/pages/library/components/MediaGrid.jsx
FN:5,(anonymous_0)
FN:24,(anonymous_1)
FNF:2
FNH:0
FNDA:0,(anonymous_0)
FNDA:0,(anonymous_1)
DA:5,0
DA:6,0
DA:7,0
DA:22,0
DA:25,0
LF:5
LH:0
BRDA:6,0,0,0
BRDA:6,0,1,0
BRDA:6,1,0,0
BRDA:6,1,1,0
BRF:4
BRH:0
end_of_record
TN:
SF:src/pages/login/index.jsx
FN:8,(anonymous_0)
FN:20,(anonymous_1)
FN:58,(anonymous_2)
FN:70,(anonymous_3)
FN:78,(anonymous_4)
FN:78,(anonymous_5)
FNF:6
FNH:6
FNDA:36,(anonymous_0)
FNDA:2,(anonymous_1)
FNDA:8,(anonymous_2)
FNDA:15,(anonymous_3)
FNDA:2,(anonymous_4)
FNDA:2,(anonymous_5)
DA:8,1
DA:9,36
DA:10,36
DA:11,36
DA:12,36
DA:13,36
DA:14,36
DA:15,36
DA:17,36
DA:18,34
DA:20,34
DA:21,2
DA:22,2
DA:23,2
DA:25,2
DA:27,2
DA:28,2
DA:29,1
DA:31,1
DA:35,34
DA:58,8
DA:70,15
DA:78,2
LF:23
LH:23
BRDA:17,0,0,1
BRDA:17,0,1,35
BRDA:18,1,0,0
BRDA:18,1,1,34
BRDA:28,2,0,1
BRDA:28,2,1,1
BRDA:47,3,0,34
BRDA:47,3,1,1
BRDA:68,4,0,1
BRDA:68,4,1,33
BRDA:80,5,0,1
BRDA:80,5,1,33
BRDA:82,6,0,1
BRDA:82,6,1,33
BRF:14
BRH:13
end_of_record
TN:
SF:src/pages/main-dashboard/index.jsx
FN:19,(anonymous_0)
FN:30,(anonymous_1)
FN:35,(anonymous_2)
FN:147,(anonymous_3)
FN:153,(anonymous_4)
FN:175,(anonymous_5)
FN:185,(anonymous_6)
FN:191,(anonymous_7)
FN:213,(anonymous_8)
FN:230,(anonymous_9)
FN:234,(anonymous_10)
FN:245,(anonymous_11)
FN:256,(anonymous_12)
FN:265,(anonymous_13)
FN:277,(anonymous_14)
FN:284,(anonymous_15)
FN:349,(anonymous_16)
FN:374,(anonymous_17)
FN:404,(anonymous_18)
FN:416,(anonymous_19)
FNF:20
FNH:0
FNDA:0,(anonymous_0)
FNDA:0,(anonymous_1)
FNDA:0,(anonymous_2)
FNDA:0,(anonymous_3)
FNDA:0,(anonymous_4)
FNDA:0,(anonymous_5)
FNDA:0,(anonymous_6)
FNDA:0,(anonymous_7)
FNDA:0,(anonymous_8)
FNDA:0,(anonymous_9)
FNDA:0,(anonymous_10)
FNDA:0,(anonymous_11)
FNDA:0,(anonymous_12)
FNDA:0,(anonymous_13)
FNDA:0,(anonymous_14)
FNDA:0,(anonymous_15)
FNDA:0,(anonymous_16)
FNDA:0,(anonymous_17)
FNDA:0,(anonymous_18)
FNDA:0,(anonymous_19)
DA:19,0
DA:20,0
DA:21,0
DA:22,0
DA:23,0
DA:24,0
DA:25,0
DA:26,0
DA:27,0
DA:30,0
DA:31,0
DA:32,0
DA:35,0
DA:37,0
DA:38,0
DA:39,0
DA:41,0
DA:72,0
DA:73,0
DA:74,0
DA:84,0
DA:85,0
DA:86,0
DA:92,0
DA:93,0
DA:94,0
DA:108,0
DA:109,0
DA:110,0
DA:136,0
DA:139,0
DA:142,0
DA:147,0
DA:148,0
DA:149,0
DA:153,0
DA:168,0
DA:170,0
DA:175,0
DA:176,0
DA:177,0
DA:178,0
DA:180,0
DA:185,0
DA:186,0
DA:187,0
DA:191,0
DA:206,0
DA:208,0
DA:213,0
DA:214,0
DA:215,0
DA:216,0
DA:223,0
DA:225,0
DA:230,0
DA:231,0
DA:234,0
DA:235,0
DA:236,0
DA:237,0
DA:238,0
DA:241,0
DA:245,0
DA:246,0
DA:247,0
DA:248,0
DA:249,0
DA:252,0
DA:256,0
DA:257,0
DA:258,0
DA:260,0
DA:262,0
DA:265,0
DA:268,0
DA:270,0
DA:272,0
DA:277,0
DA:278,0
DA:279,0
DA:280,0
DA:281,0
DA:284,0
DA:287,0
DA:294,0
DA:296,0
DA:298,0
DA:302,0
DA:350,0
DA:375,0
DA:404,0
DA:417,0
LF:93
LH:0
BRDA:39,0,0,0
BRDA:39,0,1,0
BRDA:43,1,0,0
BRDA:43,1,1,0
BRDA:45,2,0,0
BRDA:45,2,1,0
BRDA:47,3,0,0
BRDA:47,3,1,0
BRDA:50,4,0,0
BRDA:50,4,1,0
BRDA:52,5,0,0
BRDA:52,5,1,0
BRDA:54,6,0,0
BRDA:54,6,1,0
BRDA:56,7,0,0
BRDA:56,7,1,0
BRDA:60,8,0,0
BRDA:60,8,1,0
BRDA:62,9,0,0
BRDA:62,9,1,0
BRDA:64,10,0,0
BRDA:64,10,1,0
BRDA:72,11,0,0
BRDA:72,11,1,0
BRDA:73,12,0,0
BRDA:73,12,1,0
BRDA:77,13,0,0
BRDA:77,13,1,0
BRDA:77,13,2,0
BRDA:81,14,0,0
BRDA:81,14,1,0
BRDA:84,15,0,0
BRDA:84,15,1,0
BRDA:89,16,0,0
BRDA:89,16,1,0
BRDA:92,17,0,0
BRDA:92,17,1,0
BRDA:93,18,0,0
BRDA:93,18,1,0
BRDA:97,19,0,0
BRDA:97,19,1,0
BRDA:101,20,0,0
BRDA:101,20,1,0
BRDA:105,21,0,0
BRDA:105,21,1,0
BRDA:108,22,0,0
BRDA:108,22,1,0
BRDA:113,23,0,0
BRDA:113,23,1,0
BRDA:117,24,0,0
BRDA:117,24,1,0
BRDA:121,25,0,0
BRDA:121,25,1,0
BRDA:125,26,0,0
BRDA:125,26,1,0
BRDA:127,27,0,0
BRDA:127,27,1,0
BRDA:128,28,0,0
BRDA:128,28,1,0
BRDA:131,29,0,0
BRDA:131,29,1,0
BRDA:153,30,0,0
BRDA:153,30,1,0
BRDA:178,31,0,0
BRDA:178,31,1,0
BRDA:191,32,0,0
BRDA:191,32,1,0
BRDA:237,33,0,0
BRDA:237,33,1,0
BRDA:248,34,0,0
BRDA:248,34,1,0
BRDA:334,35,0,0
BRDA:334,35,1,0
BRDA:339,36,0,0
BRDA:339,36,1,0
BRDA:372,37,0,0
BRDA:372,37,1,0
BRDA:397,38,0,0
BRDA:397,38,1,0
BRDA:414,39,0,0
BRDA:414,39,1,0
BRF:81
BRH:0
end_of_record
TN:
SF:src/pages/main-dashboard/components/CalendarEvent.jsx
FN:5,(anonymous_0)
FN:6,(anonymous_1)
FN:10,(anonymous_2)
FN:14,(anonymous_3)
FNF:4
FNH:0
FNDA:0,(anonymous_0)
FNDA:0,(anonymous_1)
FNDA:0,(anonymous_2)
FNDA:0,(anonymous_3)
DA:5,0
DA:6,0
DA:7,0
DA:10,0
DA:11,0
DA:14,0
DA:15,0
DA:20,0
DA:23,0
LF:9
LH:0
BRDA:7,0,0,0
BRDA:7,0,1,0
BRDA:11,1,0,0
BRDA:11,1,1,0
BRDA:20,2,0,0
BRDA:20,2,1,0
BRDA:45,3,0,0
BRDA:45,3,1,0
BRF:8
BRH:0
end_of_record
TN:
SF:src/pages/main-dashboard/components/MiniCalendar.jsx
FN:6,(anonymous_0)
FN:10,(anonymous_1)
FN:21,(anonymous_2)
FN:34,(anonymous_3)
FN:40,(anonymous_4)
FN:46,(anonymous_5)
FN:55,(anonymous_6)
FN:56,(anonymous_7)
FN:66,(anonymous_8)
FN:67,(anonymous_9)
FN:106,(anonymous_10)
FN:113,(anonymous_11)
FN:128,(anonymous_12)
FN:132,(anonymous_13)
FN:138,(anonymous_14)
FN:147,(anonymous_15)
FN:152,(anonymous_16)
FN:161,(anonymous_17)
FN:173,(anonymous_18)
FN:184,(anonymous_19)
FN:189,(anonymous_20)
FN:192,(anonymous_21)
FN:202,(anonymous_22)
FN:214,(anonymous_23)
FN:233,(anonymous_24)
FNF:25
FNH:0
FNDA:0,(anonymous_0)
FNDA:0,(anonymous_1)
FNDA:0,(anonymous_2)
FNDA:0,(anonymous_3)
FNDA:0,(anonymous_4)
FNDA:0,(anonymous_5)
FNDA:0,(anonymous_6)
FNDA:0,(anonymous_7)
FNDA:0,(anonymous_8)
FNDA:0,(anonymous_9)
FNDA:0,(anonymous_10)
FNDA:0,(anonymous_11)
FNDA:0,(anonymous_12)
FNDA:0,(anonymous_13)
FNDA:0,(anonymous_14)
FNDA:0,(anonymous_15)
FNDA:0,(anonymous_16)
FNDA:0,(anonymous_17)
FNDA:0,(anonymous_18)
FNDA:0,(anonymous_19)
FNDA:0,(anonymous_20)
FNDA:0,(anonymous_21)
FNDA:0,(anonymous_22)
FNDA:0,(anonymous_23)
FNDA:0,(anonymous_24)
DA:6,0
DA:7,0
DA:8,0
DA:10,0
DA:11,0
DA:12,0
DA:13,0
DA:14,0
DA:15,0
DA:16,0
DA:18,0
DA:21,0
DA:22,0
DA:23,0
DA:24,0
DA:26,0
DA:27,0
DA:28,0
DA:31,0
DA:34,0
DA:35,0
DA:36,0
DA:37,0
DA:40,0
DA:41,0
DA:42,0
DA:43,0
DA:46,0
DA:47,0
DA:48,0
DA:55,0
DA:56,0
DA:57,0
DA:58,0
DA:66,0
DA:67,0
DA:68,0
DA:69,0
DA:77,0
DA:91,0
DA:93,0
DA:94,0
DA:95,0
DA:97,0
DA:106,0
DA:113,0
DA:128,0
DA:132,0
DA:138,0
DA:148,0
DA:153,0
DA:155,0
DA:158,0
DA:161,0
DA:174,0
DA:185,0
DA:190,0
DA:193,0
DA:194,0
DA:196,0
DA:199,0
DA:202,0
DA:215,0
DA:234,0
LF:64
LH:0
BRDA:49,0,0,0
BRDA:49,0,1,0
BRDA:49,0,2,0
BRDA:59,1,0,0
BRDA:59,1,1,0
BRDA:59,1,2,0
BRDA:70,2,0,0
BRDA:70,2,1,0
BRDA:70,2,2,0
BRDA:104,3,0,0
BRDA:104,3,1,0
BRDA:111,4,0,0
BRDA:111,4,1,0
BRDA:128,5,0,0
BRDA:128,5,1,0
BRDA:138,6,0,0
BRDA:138,6,1,0
BRDA:145,7,0,0
BRDA:145,7,1,0
BRDA:155,8,0,0
BRDA:155,8,1,0
BRDA:165,9,0,0
BRDA:165,9,1,0
BRDA:166,10,0,0
BRDA:166,10,1,0
BRDA:166,11,0,0
BRDA:166,11,1,0
BRDA:167,12,0,0
BRDA:167,12,1,0
BRDA:167,13,0,0
BRDA:167,13,1,0
BRDA:171,14,0,0
BRDA:171,14,1,0
BRDA:196,15,0,0
BRDA:196,15,1,0
BRDA:206,16,0,0
BRDA:206,16,1,0
BRDA:207,17,0,0
BRDA:207,17,1,0
BRDA:207,18,0,0
BRDA:207,18,1,0
BRDA:208,19,0,0
BRDA:208,19,1,0
BRDA:208,20,0,0
BRDA:208,20,1,0
BRDA:212,21,0,0
BRDA:212,21,1,0
BRDA:227,22,0,0
BRDA:227,22,1,0
BRDA:228,23,0,0
BRDA:228,23,1,0
BRDA:231,24,0,0
BRDA:231,24,1,0
BRF:53
BRH:0
end_of_record
TN:
SF:src/pages/main-dashboard/components/RecentAdditionsCard.jsx
FN:7,(anonymous_0)
FN:10,(anonymous_1)
FN:14,(anonymous_2)
FN:18,(anonymous_3)
FN:22,(anonymous_4)
FNF:5
FNH:0
FNDA:0,(anonymous_0)
FNDA:0,(anonymous_1)
FNDA:0,(anonymous_2)
FNDA:0,(anonymous_3)
FNDA:0,(anonymous_4)
DA:7,0
DA:8,0
DA:10,0
DA:11,0
DA:14,0
DA:15,0
DA:18,0
DA:19,0
DA:22,0
DA:23,0
DA:24,0
DA:25,0
DA:26,0
DA:27,0
DA:28,0
DA:29,0
DA:30,0
DA:31,0
DA:32,0
DA:33,0
DA:34,0
DA:35,0
DA:36,0
DA:37,0
DA:40,0
LF:25
LH:0
BRDA:11,0,0,0
BRDA:11,0,1,0
BRDA:15,1,0,0
BRDA:15,1,1,0
BRDA:19,2,0,0
BRDA:19,2,1,0
BRDA:23,3,0,0
BRDA:23,3,1,0
BRDA:25,4,0,0
BRDA:25,4,1,0
BRDA:27,5,0,0
BRDA:27,5,1,0
BRDA:29,6,0,0
BRDA:29,6,1,0
BRDA:29,7,0,0
BRDA:29,7,1,0
BRDA:31,8,0,0
BRDA:31,8,1,0
BRDA:31,9,0,0
BRDA:31,9,1,0
BRDA:33,10,0,0
BRDA:33,10,1,0
BRDA:33,11,0,0
BRDA:33,11,1,0
BRDA:35,12,0,0
BRDA:35,12,1,0
BRDA:35,13,0,0
BRDA:35,13,1,0
BRDA:37,14,0,0
BRDA:37,14,1,0
BRDA:54,15,0,0
BRDA:54,15,1,0
BRDA:69,16,0,0
BRDA:69,16,1,0
BRF:34
BRH:0
end_of_record
TN:
SF:src/pages/main-dashboard/components/RequestCard.jsx
FN:6,(anonymous_0)
FN:7,(anonymous_1)
FN:11,(anonymous_2)
FN:15,(anonymous_3)
FN:97,(anonymous_4)
FN:107,(anonymous_5)
FNF:6
FNH:6
FNDA:38,(anonymous_0)
FNDA:38,(anonymous_1)
FNDA:38,(anonymous_2)
FNDA:37,(anonymous_3)
FNDA:1,(anonymous_4)
FNDA:1,(anonymous_5)
DA:6,1
DA:7,38
DA:8,38
DA:11,38
DA:12,38
DA:15,38
DA:16,37
DA:21,37
DA:25,38
DA:26,38
DA:27,38
DA:29,38
DA:97,1
DA:107,1
LF:14
LH:14
BRDA:8,0,0,37
BRDA:8,0,1,1
BRDA:12,1,0,37
BRDA:12,1,1,1
BRDA:21,2,0,37
BRDA:21,2,1,0
BRDA:52,3,0,38
BRDA:52,3,1,36
BRDA:60,4,0,38
BRDA:60,4,1,37
BRDA:66,5,0,38
BRDA:66,5,1,36
BRDA:76,6,0,38
BRDA:76,6,1,36
BRDA:86,7,0,38
BRDA:86,7,1,36
BRDA:92,8,0,38
BRDA:92,8,1,27
BRDA:116,9,0,38
BRDA:116,9,1,4
BRDA:122,10,0,38
BRDA:122,10,1,4
BRF:22
BRH:21
end_of_record
TN:
SF:src/pages/main-dashboard/components/StatisticsCard.jsx
FN:4,(anonymous_0)
FN:14,(anonymous_1)
FN:45,(anonymous_2)
FNF:3
FNH:0
FNDA:0,(anonymous_0)
FNDA:0,(anonymous_1)
FNDA:0,(anonymous_2)
DA:4,0
DA:14,0
DA:15,0
DA:22,0
DA:25,0
DA:46,0
LF:6
LH:0
BRDA:11,0,0,0
BRDA:22,1,0,0
BRDA:22,1,1,0
BRDA:38,2,0,0
BRDA:38,2,1,0
BRDA:43,3,0,0
BRDA:43,3,1,0
BRDA:43,3,2,0
BRF:8
BRH:0
end_of_record
TN:
SF:src/pages/media-detail/index.jsx
FN:12,(anonymous_0)
FN:19,(anonymous_1)
FN:25,(anonymous_2)
FN:26,(anonymous_3)
FN:44,(anonymous_4)
FN:45,(anonymous_5)
FN:47,(anonymous_6)
FN:47,(anonymous_7)
FN:79,(anonymous_8)
FN:80,(anonymous_9)
FN:81,(anonymous_10)
FN:91,(anonymous_11)
FN:96,(anonymous_12)
FN:99,(anonymous_13)
FN:110,(anonymous_14)
FN:154,(anonymous_15)
FNF:16
FNH:0
FNDA:0,(anonymous_0)
FNDA:0,(anonymous_1)
FNDA:0,(anonymous_2)
FNDA:0,(anonymous_3)
FNDA:0,(anonymous_4)
FNDA:0,(anonymous_5)
FNDA:0,(anonymous_6)
FNDA:0,(anonymous_7)
FNDA:0,(anonymous_8)
FNDA:0,(anonymous_9)
FNDA:0,(anonymous_10)
FNDA:0,(anonymous_11)
FNDA:0,(anonymous_12)
FNDA:0,(anonymous_13)
FNDA:0,(anonymous_14)
FNDA:0,(anonymous_15)
DA:12,0
DA:13,0
DA:14,0
DA:15,0
DA:16,0
DA:19,0
DA:20,0
DA:21,0
DA:22,0
DA:23,0
DA:25,0
DA:26,0
DA:27,0
DA:28,0
DA:29,0
DA:30,0
DA:33,0
DA:40,0
DA:42,0
DA:44,0
DA:45,0
DA:46,0
DA:47,0
DA:51,0
DA:80,0
DA:81,0
DA:82,0
DA:83,0
DA:86,0
DA:91,0
DA:96,0
DA:99,0
DA:110,0
DA:116,0
DA:118,0
DA:120,0
DA:124,0
DA:127,0
DA:128,0
DA:138,0
DA:139,0
DA:146,0
DA:154,0
LF:43
LH:0
BRDA:13,0,0,0
BRDA:13,0,1,0
BRDA:15,1,0,0
BRDA:15,1,1,0
BRDA:15,2,0,0
BRDA:15,2,1,0
BRDA:28,3,0,0
BRDA:28,3,1,0
BRDA:40,4,0,0
BRDA:40,4,1,0
BRDA:42,5,0,0
BRDA:42,5,1,0
BRDA:78,6,0,0
BRDA:78,6,1,0
BRDA:82,7,0,0
BRDA:82,7,1,0
BRDA:83,8,0,0
BRDA:83,8,1,0
BRDA:90,9,0,0
BRDA:90,9,1,0
BRDA:90,10,0,0
BRDA:90,10,1,0
BRDA:109,11,0,0
BRDA:109,11,1,0
BRDA:110,12,0,0
BRDA:110,12,1,0
BRDA:111,13,0,0
BRDA:111,13,1,0
BRDA:127,14,0,0
BRDA:127,14,1,0
BRDA:138,15,0,0
BRDA:138,15,1,0
BRDA:172,16,0,0
BRDA:172,16,1,0
BRDA:172,16,2,0
BRF:35
BRH:0
end_of_record
TN:
SF:src/pages/media-detail/components/EpisodesList.jsx
FN:12,(anonymous_0)
FN:15,(anonymous_1)
FN:17,(anonymous_2)
FN:17,(anonymous_3)
FN:21,(anonymous_4)
FN:22,(anonymous_5)
FN:23,(anonymous_6)
FN:27,(anonymous_7)
FN:40,(anonymous_8)
FN:43,(anonymous_9)
FN:47,(anonymous_10)
FN:48,(anonymous_11)
FN:51,(anonymous_12)
FN:53,(anonymous_13)
FN:57,(anonymous_14)
FN:60,(anonymous_15)
FN:61,(anonymous_16)
FN:66,(anonymous_17)
FN:74,(anonymous_18)
FN:88,(anonymous_19)
FN:92,(anonymous_20)
FN:120,(anonymous_21)
FN:127,(anonymous_22)
FN:131,(anonymous_23)
FN:177,(anonymous_24)
FN:272,(anonymous_25)
FN:291,(anonymous_26)
FN:299,(anonymous_27)
FNF:28
FNH:0
FNDA:0,(anonymous_0)
FNDA:0,(anonymous_1)
FNDA:0,(anonymous_2)
FNDA:0,(anonymous_3)
FNDA:0,(anonymous_4)
FNDA:0,(anonymous_5)
FNDA:0,(anonymous_6)
FNDA:0,(anonymous_7)
FNDA:0,(anonymous_8)
FNDA:0,(anonymous_9)
FNDA:0,(anonymous_10)
FNDA:0,(anonymous_11)
FNDA:0,(anonymous_12)
FNDA:0,(anonymous_13)
FNDA:0,(anonymous_14)
FNDA:0,(anonymous_15)
FNDA:0,(anonymous_16)
FNDA:0,(anonymous_17)
FNDA:0,(anonymous_18)
FNDA:0,(anonymous_19)
FNDA:0,(anonymous_20)
FNDA:0,(anonymous_21)
FNDA:0,(anonymous_22)
FNDA:0,(anonymous_23)
FNDA:0,(anonymous_24)
FNDA:0,(anonymous_25)
FNDA:0,(anonymous_26)
FNDA:0,(anonymous_27)
DA:12,0
DA:13,0
DA:14,0
DA:15,0
DA:16,0
DA:17,0
DA:21,0
DA:22,0
DA:23,0
DA:27,0
DA:28,0
DA:30,0
DA:32,0
DA:34,0
DA:36,0
DA:40,0
DA:41,0
DA:42,0
DA:43,0
DA:44,0
DA:47,0
DA:48,0
DA:49,0
DA:50,0
DA:51,0
DA:53,0
DA:54,0
DA:57,0
DA:58,0
DA:60,0
DA:61,0
DA:62,0
DA:67,0
DA:74,0
DA:75,0
DA:78,0
DA:89,0
DA:92,0
DA:120,0
DA:127,0
DA:132,0
DA:133,0
DA:178,0
DA:273,0
DA:291,0
DA:299,0
LF:46
LH:0
BRDA:17,0,0,0
BRDA:17,0,1,0
BRDA:23,1,0,0
BRDA:23,1,1,0
BRDA:28,2,0,0
BRDA:28,2,1,0
BRDA:28,2,2,0
BRDA:28,2,3,0
BRDA:62,3,0,0
BRDA:62,3,1,0
BRDA:67,4,0,0
BRDA:67,4,1,0
BRDA:97,5,0,0
BRDA:97,5,1,0
BRDA:102,6,0,0
BRDA:102,6,1,0
BRDA:109,7,0,0
BRDA:109,7,1,0
BRDA:114,8,0,0
BRDA:114,8,1,0
BRDA:115,9,0,0
BRDA:115,9,1,0
BRDA:127,10,0,0
BRDA:127,10,1,0
BRDA:141,11,0,0
BRDA:141,11,1,0
BRDA:194,12,0,0
BRDA:194,12,1,0
BRDA:210,13,0,0
BRDA:210,13,1,0
BRDA:213,14,0,0
BRDA:213,14,1,0
BRDA:217,15,0,0
BRDA:217,15,1,0
BRDA:223,16,0,0
BRDA:223,16,1,0
BRDA:226,17,0,0
BRDA:226,17,1,0
BRDA:240,18,0,0
BRDA:240,18,1,0
BRDA:246,19,0,0
BRDA:246,19,1,0
BRDA:268,20,0,0
BRDA:268,20,1,0
BRDA:281,21,0,0
BRDA:281,21,1,0
BRDA:286,22,0,0
BRDA:286,22,1,0
BRDA:294,23,0,0
BRDA:294,23,1,0
BRF:50
BRH:0
end_of_record
TN:
SF:src/pages/media-detail/components/FileInfoPanel.jsx
FN:6,(anonymous_0)
FN:9,(anonymous_1)
FN:15,(anonymous_2)
FN:24,(anonymous_3)
FN:37,(anonymous_4)
FN:38,(anonymous_5)
FN:38,(anonymous_6)
FN:39,(anonymous_7)
FN:39,(anonymous_8)
FN:40,(anonymous_9)
FN:40,(anonymous_10)
FN:43,(anonymous_11)
FN:46,(anonymous_12)
FN:100,(anonymous_13)
FN:101,(anonymous_14)
FN:119,(anonymous_15)
FN:187,(anonymous_16)
FN:196,(anonymous_17)
FNF:18
FNH:0
FNDA:0,(anonymous_0)
FNDA:0,(anonymous_1)
FNDA:0,(anonymous_2)
FNDA:0,(anonymous_3)
FNDA:0,(anonymous_4)
FNDA:0,(anonymous_5)
FNDA:0,(anonymous_6)
FNDA:0,(anonymous_7)
FNDA:0,(anonymous_8)
FNDA:0,(anonymous_9)
FNDA:0,(anonymous_10)
FNDA:0,(anonymous_11)
FNDA:0,(anonymous_12)
FNDA:0,(anonymous_13)
FNDA:0,(anonymous_14)
FNDA:0,(anonymous_15)
FNDA:0,(anonymous_16)
FNDA:0,(anonymous_17)
DA:6,0
DA:7,0
DA:9,0
DA:10,0
DA:11,0
DA:12,0
DA:15,0
DA:16,0
DA:17,0
DA:18,0
DA:19,0
DA:20,0
DA:21,0
DA:24,0
DA:25,0
DA:26,0
DA:27,0
DA:28,0
DA:29,0
DA:33,0
DA:34,0
DA:36,0
DA:38,0
DA:39,0
DA:40,0
DA:41,0
DA:42,0
DA:43,0
DA:46,0
DA:54,0
DA:100,0
DA:102,0
DA:120,0
DA:187,0
DA:197,0
LF:35
LH:0
BRDA:10,0,0,0
BRDA:10,0,1,0
BRDA:11,1,0,0
BRDA:11,1,1,0
BRDA:16,2,0,0
BRDA:16,2,1,0
BRDA:19,3,0,0
BRDA:19,3,1,0
BRDA:20,4,0,0
BRDA:20,4,1,0
BRDA:25,5,0,0
BRDA:25,5,1,0
BRDA:27,6,0,0
BRDA:27,6,1,0
BRDA:33,7,0,0
BRDA:33,7,1,0
BRDA:36,8,0,0
BRDA:36,8,1,0
BRDA:43,9,0,0
BRDA:43,9,1,0
BRDA:45,10,0,0
BRDA:45,10,1,0
BRDA:48,11,0,0
BRDA:48,11,1,0
BRDA:67,12,0,0
BRDA:67,12,1,0
BRDA:78,13,0,0
BRDA:78,13,1,0
BRDA:83,14,0,0
BRDA:83,14,1,0
BRDA:96,15,0,0
BRDA:96,15,1,0
BRDA:97,16,0,0
BRDA:97,16,1,0
BRDA:97,17,0,0
BRDA:97,17,1,0
BRDA:117,18,0,0
BRDA:117,18,1,0
BRDA:141,19,0,0
BRDA:141,19,1,0
BRDA:141,19,2,0
BRDA:152,20,0,0
BRDA:152,20,1,0
BRDA:161,21,0,0
BRDA:161,21,1,0
BRDA:166,22,0,0
BRDA:166,22,1,0
BRDA:176,23,0,0
BRDA:176,23,1,0
BRDA:184,24,0,0
BRDA:184,24,1,0
BRDA:190,25,0,0
BRDA:190,25,1,0
BRDA:191,26,0,0
BRDA:191,26,1,0
BRDA:194,27,0,0
BRDA:194,27,1,0
BRDA:200,28,0,0
BRDA:200,28,1,0
BRDA:203,29,0,0
BRDA:203,29,1,0
BRDA:204,30,0,0
BRDA:204,30,1,0
BRDA:228,31,0,0
BRDA:228,31,1,0
BRDA:228,32,0,0
BRDA:228,32,1,0
BRDA:229,33,0,0
BRDA:229,33,1,0
BRDA:230,34,0,0
BRDA:230,34,1,0
BRDA:235,35,0,0
BRDA:235,35,1,0
BRF:73
BRH:0
end_of_record
TN:
SF:src/pages/media-detail/components/HeroBanner.jsx
FN:6,(anonymous_0)
FN:9,(anonymous_1)
FN:13,(anonymous_2)
FN:17,(anonymous_3)
FN:86,(anonymous_4)
FNF:5
FNH:0
FNDA:0,(anonymous_0)
FNDA:0,(anonymous_1)
FNDA:0,(anonymous_2)
FNDA:0,(anonymous_3)
FNDA:0,(anonymous_4)
DA:6,0
DA:7,0
DA:9,0
DA:10,0
DA:13,0
DA:14,0
DA:17,0
DA:19,0
DA:22,0
DA:87,0
LF:10
LH:0
BRDA:7,0,0,0
BRDA:7,0,1,0
BRDA:10,1,0,0
BRDA:10,1,1,0
BRDA:14,2,0,0
BRDA:14,2,1,0
BRDA:27,3,0,0
BRDA:27,3,1,0
BRDA:63,4,0,0
BRDA:63,4,1,0
BRDA:69,5,0,0
BRDA:69,5,1,0
BRDA:84,6,0,0
BRDA:84,6,1,0
BRDA:84,6,2,0
BRDA:100,7,0,0
BRDA:100,7,1,0
BRDA:101,8,0,0
BRDA:101,8,1,0
BRDA:104,9,0,0
BRDA:104,9,1,0
BRF:21
BRH:0
end_of_record
TN:
SF:src/pages/media-detail/components/MetadataPanel.jsx
FN:4,(anonymous_0)
FN:128,(anonymous_1)
FNF:2
FNH:0
FNDA:0,(anonymous_0)
FNDA:0,(anonymous_1)
DA:4,0
DA:6,0
DA:11,0
DA:14,0
DA:16,0
DA:24,0
DA:129,0
LF:7
LH:0
BRDA:6,0,0,0
BRDA:6,0,1,0
BRDA:6,1,0,0
BRDA:6,1,1,0
BRDA:11,2,0,0
BRDA:11,2,1,0
BRDA:11,3,0,0
BRDA:11,3,1,0
BRDA:14,4,0,0
BRDA:14,4,1,0
BRDA:14,5,0,0
BRDA:14,5,1,0
BRDA:16,6,0,0
BRDA:16,6,1,0
BRDA:32,7,0,0
BRDA:32,7,1,0
BRDA:42,8,0,0
BRDA:42,8,1,0
BRDA:50,9,0,0
BRDA:50,9,1,0
BRDA:53,10,0,0
BRDA:53,10,1,0
BRDA:58,11,0,0
BRDA:58,11,1,0
BRDA:59,12,0,0
BRDA:59,12,1,0
BRDA:64,13,0,0
BRDA:64,13,1,0
BRDA:75,14,0,0
BRDA:75,14,1,0
BRDA:85,15,0,0
BRDA:85,15,1,0
BRDA:93,16,0,0
BRDA:93,16,1,0
BRDA:96,17,0,0
BRDA:96,17,1,0
BRDA:103,18,0,0
BRDA:103,18,1,0
BRDA:113,19,0,0
BRDA:113,19,1,0
BRDA:124,20,0,0
BRDA:124,20,1,0
BRDA:124,20,2,0
BRDA:134,21,0,0
BRDA:134,21,1,0
BRDA:134,21,2,0
BRDA:134,21,3,0
BRDA:142,22,0,0
BRDA:142,22,1,0
BRDA:153,23,0,0
BRDA:153,23,1,0
BRDA:164,24,0,0
BRDA:164,24,1,0
BRF:53
BRH:0
end_of_record
TN:
SF:src/pages/monitoring/index.jsx
FN:9,(anonymous_0)
FN:21,(anonymous_1)
FN:22,(anonymous_2)
FN:27,(anonymous_3)
FN:53,(anonymous_4)
FN:58,(anonymous_5)
FN:65,(anonymous_6)
FN:72,(anonymous_7)
FN:74,(anonymous_8)
FN:80,(anonymous_9)
FN:86,(anonymous_10)
FN:87,(anonymous_11)
FN:90,(anonymous_12)
FN:92,(anonymous_13)
FN:98,(anonymous_14)
FN:100,(anonymous_15)
FN:102,(anonymous_16)
FN:102,(anonymous_17)
FN:106,(anonymous_18)
FN:171,(anonymous_19)
FN:179,(anonymous_20)
FN:187,(anonymous_21)
FN:195,(anonymous_22)
FNF:23
FNH:11
FNDA:60,(anonymous_0)
FNDA:15,(anonymous_1)
FNDA:15,(anonymous_2)
FNDA:26,(anonymous_3)
FNDA:50,(anonymous_4)
FNDA:30,(anonymous_5)
FNDA:4,(anonymous_6)
FNDA:8,(anonymous_7)
FNDA:6,(anonymous_8)
FNDA:0,(anonymous_9)
FNDA:7,(anonymous_10)
FNDA:7,(anonymous_11)
FNDA:0,(anonymous_12)
FNDA:0,(anonymous_13)
FNDA:0,(anonymous_14)
FNDA:0,(anonymous_15)
FNDA:0,(anonymous_16)
FNDA:0,(anonymous_17)
FNDA:0,(anonymous_18)
FNDA:0,(anonymous_19)
FNDA:0,(anonymous_20)
FNDA:0,(anonymous_21)
FNDA:0,(anonymous_22)
DA:9,1
DA:10,60
DA:11,60
DA:16,60
DA:17,60
DA:18,60
DA:19,60
DA:21,60
DA:22,15
DA:23,15
DA:24,15
DA:25,15
DA:26,15
DA:27,26
DA:41,13
DA:43,1
DA:45,14
DA:49,15
DA:53,60
DA:54,50
DA:57,50
DA:58,15
DA:59,30
DA:64,50
DA:65,4
DA:69,50
DA:70,5
DA:71,5
DA:72,8
DA:74,6
DA:79,50
DA:80,0
DA:83,50
DA:86,60
DA:87,7
DA:90,60
DA:91,0
DA:92,0
DA:94,0
DA:98,60
DA:99,0
DA:100,0
DA:102,0
DA:106,60
DA:107,0
DA:111,60
DA:171,0
DA:179,0
DA:187,0
DA:195,0
LF:50
LH:38
BRDA:57,0,0,15
BRDA:57,0,1,35
BRDA:64,1,0,2
BRDA:64,1,1,48
BRDA:69,2,0,5
BRDA:69,2,1,45
BRDA:71,3,0,3
BRDA:71,3,1,2
BRDA:79,4,0,0
BRDA:79,4,1,50
BRDA:91,5,0,0
BRDA:91,5,1,0
BRDA:99,6,0,0
BRDA:99,6,1,0
BRDA:131,7,0,60
BRDA:131,7,1,15
BRDA:138,8,0,60
BRDA:138,8,1,44
BRDA:138,8,2,1
BRDA:145,9,0,60
BRDA:145,9,1,44
BRDA:145,9,2,43
BRDA:157,10,0,43
BRDA:157,10,1,0
BRDA:162,11,0,0
BRDA:162,11,1,0
BRF:26
BRH:18
end_of_record
TN:
SF:src/pages/monitoring/components/ExpandableRow.jsx
FN:5,(anonymous_0)
FN:17,(anonymous_1)
FN:97,(anonymous_2)
FNF:3
FNH:3
FNDA:10,(anonymous_0)
FNDA:8,(anonymous_1)
FNDA:12,(anonymous_2)
DA:5,1
DA:6,10
DA:18,8
DA:98,12
LF:4
LH:4
BRDA:10,0,0,10
BRDA:10,0,1,4
BRDA:10,0,2,4
BRDA:34,1,0,8
BRDA:34,1,1,0
BRDA:39,2,0,4
BRDA:39,2,1,4
BRDA:41,3,0,0
BRDA:41,3,1,4
BRDA:64,4,0,10
BRDA:64,4,1,10
BRDA:70,5,0,10
BRDA:70,5,1,0
BRDA:96,6,0,6
BRDA:96,6,1,4
BRDA:128,7,0,9
BRDA:128,7,1,1
BRDA:130,8,0,9
BRDA:130,8,1,1
BRF:19
BRH:16
end_of_record
TN:
SF:src/pages/monitoring/components/FilterToolbar.jsx
FN:6,(anonymous_0)
FN:44,(anonymous_1)
FN:55,(anonymous_2)
FN:62,(anonymous_3)
FN:69,(anonymous_4)
FN:89,(anonymous_5)
FNF:6
FNH:5
FNDA:45,(anonymous_0)
FNDA:17,(anonymous_1)
FNDA:3,(anonymous_2)
FNDA:7,(anonymous_3)
FNDA:0,(anonymous_4)
FNDA:1,(anonymous_5)
DA:6,2
DA:7,45
DA:13,45
DA:22,45
DA:30,45
DA:44,17
DA:55,3
DA:62,7
DA:69,0
DA:90,1
DA:91,1
DA:92,1
DA:93,1
LF:13
LH:12
BRDA:78,0,0,20
BRDA:78,0,1,25
BRDA:79,1,0,45
BRDA:79,1,1,28
BRDA:79,1,2,25
BRDA:79,1,3,20
BRDA:79,1,4,25
BRF:7
BRH:7
end_of_record
TN:
SF:src/pages/monitoring/components/MonitoringTable.jsx
FN:8,(anonymous_0)
FN:15,(anonymous_1)
FN:16,(anonymous_2)
FN:17,(anonymous_3)
FN:21,(anonymous_4)
FN:22,(anonymous_5)
FN:28,(anonymous_6)
FN:30,(anonymous_7)
FN:41,(anonymous_8)
FN:78,(anonymous_9)
FN:84,(anonymous_10)
FN:111,(anonymous_11)
FN:130,(anonymous_12)
FN:136,(anonymous_13)
FN:141,(anonymous_14)
FN:186,(anonymous_15)
FN:193,(anonymous_16)
FN:212,(anonymous_17)
FN:217,(anonymous_18)
FN:257,(anonymous_19)
FN:266,(anonymous_20)
FN:272,(anonymous_21)
FNF:22
FNH:14
FNDA:50,(anonymous_0)
FNDA:1,(anonymous_1)
FNDA:1,(anonymous_2)
FNDA:0,(anonymous_3)
FNDA:1,(anonymous_4)
FNDA:1,(anonymous_5)
FNDA:48,(anonymous_6)
FNDA:22,(anonymous_7)
FNDA:136,(anonymous_8)
FNDA:1,(anonymous_9)
FNDA:1,(anonymous_10)
FNDA:0,(anonymous_11)
FNDA:68,(anonymous_12)
FNDA:1,(anonymous_13)
FNDA:1,(anonymous_14)
FNDA:0,(anonymous_15)
FNDA:0,(anonymous_16)
FNDA:68,(anonymous_17)
FNDA:0,(anonymous_18)
FNDA:0,(anonymous_19)
FNDA:0,(anonymous_20)
FNDA:0,(anonymous_21)
DA:8,2
DA:9,50
DA:10,50
DA:15,50
DA:16,1
DA:17,1
DA:21,50
DA:22,1
DA:28,50
DA:29,48
DA:30,48
DA:31,22
DA:32,22
DA:34,22
DA:35,17
DA:36,0
DA:38,48
DA:41,50
DA:42,136
DA:43,136
DA:52,50
DA:53,50
DA:55,50
DA:56,3
DA:67,46
DA:78,1
DA:84,1
DA:111,0
DA:131,68
DA:136,1
DA:141,1
DA:186,0
DA:193,0
DA:213,68
DA:217,0
DA:257,0
DA:266,0
DA:272,0
LF:38
LH:30
BRDA:17,0,0,0
BRDA:17,0,1,1
BRDA:24,1,0,1
BRDA:24,1,1,0
BRDA:24,2,0,1
BRDA:24,2,1,1
BRDA:34,3,0,5
BRDA:34,3,1,17
BRDA:34,4,0,4
BRDA:34,4,1,1
BRDA:35,5,0,17
BRDA:35,5,1,0
BRDA:35,6,0,17
BRDA:35,6,1,0
BRDA:52,7,0,50
BRDA:52,7,1,46
BRDA:53,8,0,50
BRDA:53,8,1,0
BRDA:55,9,0,3
BRDA:55,9,1,47
BRDA:88,10,0,46
BRDA:88,10,1,46
BRDA:90,11,0,45
BRDA:90,11,1,1
BRDA:115,12,0,50
BRDA:115,12,1,0
BRDA:117,13,0,0
BRDA:117,13,1,0
BRDA:145,14,0,1
BRDA:145,14,1,67
BRDA:153,15,0,3
BRDA:153,15,1,65
BRDA:155,16,0,3
BRDA:155,16,1,65
BRDA:198,17,0,68
BRDA:198,17,1,1
BRDA:223,18,0,3
BRDA:223,18,1,65
BRDA:225,19,0,3
BRDA:225,19,1,65
BRDA:256,20,0,1
BRDA:256,20,1,67
BRDA:260,21,0,1
BRDA:260,21,1,67
BRDA:277,22,0,68
BRDA:277,22,1,1
BRF:46
BRH:38
end_of_record
TN:
SF:src/pages/monitoring/components/StatusIndicator.jsx
FN:4,(anonymous_0)
FN:5,(anonymous_1)
FNF:2
FNH:2
FNDA:8,(anonymous_0)
FNDA:8,(anonymous_1)
DA:4,1
DA:5,8
DA:6,8
DA:7,3
DA:9,1
DA:17,1
DA:25,1
DA:35,5
DA:36,4
DA:38,1
DA:46,1
DA:54,1
DA:62,1
DA:72,1
DA:81,8
DA:83,8
LF:16
LH:16
BRDA:6,0,0,3
BRDA:6,0,1,5
BRDA:7,1,0,1
BRDA:7,1,1,1
BRDA:7,1,2,1
BRDA:35,2,0,4
BRDA:35,2,1,1
BRDA:36,3,0,1
BRDA:36,3,1,1
BRDA:36,3,2,1
BRDA:36,3,3,1
BRF:11
BRH:11
end_of_record
TN:
SF:src/pages/torrents/index.jsx
FN:10,formatBytes
FN:18,formatSpeed
FN:35,GlobalStats
FN:36,(anonymous_3)
FN:37,(anonymous_4)
FN:38,(anonymous_5)
FN:39,(anonymous_6)
FN:41,(anonymous_7)
FN:76,(anonymous_8)
FN:100,(anonymous_9)
FN:110,(anonymous_10)
FN:123,(anonymous_11)
FN:126,(anonymous_12)
FN:130,(anonymous_13)
FN:132,(anonymous_14)
FN:133,(anonymous_15)
FN:139,(anonymous_16)
FN:143,(anonymous_17)
FN:149,(anonymous_18)
FN:160,(anonymous_19)
FN:161,(anonymous_20)
FN:164,(anonymous_21)
FN:165,(anonymous_22)
FN:165,(anonymous_23)
FN:169,(anonymous_24)
FN:170,(anonymous_25)
FN:171,(anonymous_26)
FN:184,(anonymous_27)
FN:185,(anonymous_28)
FN:186,(anonymous_29)
FN:189,(anonymous_30)
FN:190,(anonymous_31)
FN:191,(anonymous_32)
FN:196,(anonymous_33)
FN:197,(anonymous_34)
FN:198,(anonymous_35)
FN:206,(anonymous_36)
FN:207,(anonymous_37)
FN:208,(anonymous_38)
FN:262,(anonymous_39)
FN:268,(anonymous_40)
FN:305,(anonymous_41)
FN:328,(anonymous_42)
FNF:43
FNH:0
FNDA:0,formatBytes
FNDA:0,formatSpeed
FNDA:0,GlobalStats
FNDA:0,(anonymous_3)
FNDA:0,(anonymous_4)
FNDA:0,(anonymous_5)
FNDA:0,(anonymous_6)
FNDA:0,(anonymous_7)
FNDA:0,(anonymous_8)
FNDA:0,(anonymous_9)
FNDA:0,(anonymous_10)
FNDA:0,(anonymous_11)
FNDA:0,(anonymous_12)
FNDA:0,(anonymous_13)
FNDA:0,(anonymous_14)
FNDA:0,(anonymous_15)
FNDA:0,(anonymous_16)
FNDA:0,(anonymous_17)
FNDA:0,(anonymous_18)
FNDA:0,(anonymous_19)
FNDA:0,(anonymous_20)
FNDA:0,(anonymous_21)
FNDA:0,(anonymous_22)
FNDA:0,(anonymous_23)
FNDA:0,(anonymous_24)
FNDA:0,(anonymous_25)
FNDA:0,(anonymous_26)
FNDA:0,(anonymous_27)
FNDA:0,(anonymous_28)
FNDA:0,(anonymous_29)
FNDA:0,(anonymous_30)
FNDA:0,(anonymous_31)
FNDA:0,(anonymous_32)
FNDA:0,(anonymous_33)
FNDA:0,(anonymous_34)
FNDA:0,(anonymous_35)
FNDA:0,(anonymous_36)
FNDA:0,(anonymous_37)
FNDA:0,(anonymous_38)
FNDA:0,(anonymous_39)
FNDA:0,(anonymous_40)
FNDA:0,(anonymous_41)
FNDA:0,(anonymous_42)
DA:11,0
DA:12,0
DA:13,0
DA:14,0
DA:15,0
DA:19,0
DA:20,0
DA:25,0
DA:36,0
DA:37,0
DA:38,0
DA:39,0
DA:40,0
DA:41,0
DA:43,0
DA:74,0
DA:77,0
DA:98,0
DA:100,0
DA:101,0
DA:102,0
DA:103,0
DA:104,0
DA:105,0
DA:106,0
DA:107,0
DA:108,0
DA:110,0
DA:111,0
DA:112,0
DA:113,0
DA:114,0
DA:115,0
DA:117,0
DA:119,0
DA:123,0
DA:124,0
DA:125,0
DA:126,0
DA:130,0
DA:131,0
DA:132,0
DA:133,0
DA:135,0
DA:139,0
DA:140,0
DA:142,0
DA:143,0
DA:146,0
DA:147,0
DA:148,0
DA:150,0
DA:156,0
DA:160,0
DA:161,0
DA:164,0
DA:165,0
DA:169,0
DA:170,0
DA:171,0
DA:172,0
DA:173,0
DA:174,0
DA:176,0
DA:177,0
DA:179,0
DA:184,0
DA:185,0
DA:186,0
DA:189,0
DA:190,0
DA:191,0
DA:196,0
DA:197,0
DA:198,0
DA:199,0
DA:206,0
DA:207,0
DA:208,0
DA:209,0
DA:216,0
DA:263,0
DA:264,0
DA:265,0
DA:269,0
DA:270,0
DA:305,0
DA:328,0
LF:88
LH:0
BRDA:10,0,0,0
BRDA:11,1,0,0
BRDA:11,1,1,0
BRDA:19,2,0,0
BRDA:19,2,1,0
BRDA:36,3,0,0
BRDA:36,3,1,0
BRDA:37,4,0,0
BRDA:37,4,1,0
BRDA:40,5,0,0
BRDA:40,5,1,0
BRDA:60,6,0,0
BRDA:60,6,1,0
BRDA:69,7,0,0
BRDA:69,7,1,0
BRDA:69,8,0,0
BRDA:69,8,1,0
BRDA:113,9,0,0
BRDA:113,9,1,0
BRDA:114,10,0,0
BRDA:114,10,1,0
BRDA:117,11,0,0
BRDA:117,11,1,0
BRDA:117,11,2,0
BRDA:142,12,0,0
BRDA:142,12,1,0
BRDA:146,13,0,0
BRDA:146,13,1,0
BRDA:150,14,0,0
BRDA:150,14,1,0
BRDA:150,14,2,0
BRDA:161,15,0,0
BRDA:161,15,1,0
BRDA:165,16,0,0
BRDA:165,16,1,0
BRDA:172,17,0,0
BRDA:172,17,1,0
BRDA:173,18,0,0
BRDA:173,18,1,0
BRDA:176,19,0,0
BRDA:176,19,1,0
BRDA:186,20,0,0
BRDA:186,20,1,0
BRDA:191,21,0,0
BRDA:191,21,1,0
BRDA:199,22,0,0
BRDA:199,22,1,0
BRDA:199,23,0,0
BRDA:199,23,1,0
BRDA:209,24,0,0
BRDA:209,24,1,0
BRDA:209,25,0,0
BRDA:209,25,1,0
BRDA:210,26,0,0
BRDA:210,26,1,0
BRDA:239,27,0,0
BRDA:239,27,1,0
BRDA:239,28,0,0
BRDA:239,28,1,0
BRDA:248,29,0,0
BRDA:248,29,1,0
BRDA:263,30,0,0
BRDA:263,30,1,0
BRDA:274,31,0,0
BRDA:274,31,1,0
BRDA:281,32,0,0
BRDA:281,32,1,0
BRDA:284,33,0,0
BRDA:284,33,1,0
BRDA:312,34,0,0
BRDA:312,34,1,0
BRDA:317,35,0,0
BRDA:317,35,1,0
BRDA:338,36,0,0
BRDA:338,36,1,0
BRDA:345,37,0,0
BRDA:345,37,1,0
BRF:77
BRH:0
end_of_record
TN:
SF:src/pages/torrents/mockData.js
FNF:0
FNH:0
DA:6,0
DA:7,0
DA:8,0
DA:10,0
LF:4
LH:0
BRF:0
BRH:0
end_of_record
TN:
SF:src/pages/torrents/components/TorrentsTable.jsx
FN:7,formatBytes
FN:15,formatSpeed
FN:20,formatEta
FN:30,formatRatio
FN:74,StatusBadge
FN:88,ProgressBar
FN:111,RowActions
FN:120,(anonymous_7)
FN:131,(anonymous_8)
FN:160,SortIcon
FN:173,TorrentsTable
FN:184,(anonymous_11)
FN:185,(anonymous_12)
FN:187,(anonymous_13)
FN:194,(anonymous_14)
FN:234,(anonymous_15)
FN:237,(anonymous_16)
FN:241,(anonymous_17)
FN:244,(anonymous_18)
FN:261,(anonymous_19)
FN:274,(anonymous_20)
FN:294,(anonymous_21)
FNF:22
FNH:0
FNDA:0,formatBytes
FNDA:0,formatSpeed
FNDA:0,formatEta
FNDA:0,formatRatio
FNDA:0,StatusBadge
FNDA:0,ProgressBar
FNDA:0,RowActions
FNDA:0,(anonymous_7)
FNDA:0,(anonymous_8)
FNDA:0,SortIcon
FNDA:0,TorrentsTable
FNDA:0,(anonymous_11)
FNDA:0,(anonymous_12)
FNDA:0,(anonymous_13)
FNDA:0,(anonymous_14)
FNDA:0,(anonymous_15)
FNDA:0,(anonymous_16)
FNDA:0,(anonymous_17)
FNDA:0,(anonymous_18)
FNDA:0,(anonymous_19)
FNDA:0,(anonymous_20)
FNDA:0,(anonymous_21)
DA:8,0
DA:9,0
DA:10,0
DA:11,0
DA:12,0
DA:16,0
DA:17,0
DA:21,0
DA:22,0
DA:23,0
DA:24,0
DA:25,0
DA:26,0
DA:27,0
DA:31,0
DA:32,0
DA:33,0
DA:34,0
DA:35,0
DA:36,0
DA:41,0
DA:75,0
DA:76,0
DA:89,0
DA:90,0
DA:91,0
DA:92,0
DA:93,0
DA:94,0
DA:96,0
DA:112,0
DA:113,0
DA:114,0
DA:116,0
DA:121,0
DA:122,0
DA:132,0
DA:133,0
DA:146,0
DA:161,0
DA:162,0
DA:164,0
DA:181,0
DA:182,0
DA:184,0
DA:185,0
DA:186,0
DA:187,0
DA:189,0
DA:190,0
DA:194,0
DA:195,0
DA:196,0
DA:198,0
DA:199,0
DA:200,0
DA:201,0
DA:202,0
DA:203,0
DA:204,0
DA:205,0
DA:208,0
DA:209,0
DA:211,0
DA:212,0
DA:223,0
DA:235,0
DA:237,0
DA:242,0
DA:244,0
DA:262,0
DA:263,0
DA:274,0
DA:295,0
LF:74
LH:0
BRDA:7,0,0,0
BRDA:8,1,0,0
BRDA:8,1,1,0
BRDA:16,2,0,0
BRDA:16,2,1,0
BRDA:21,3,0,0
BRDA:21,3,1,0
BRDA:22,4,0,0
BRDA:22,4,1,0
BRDA:23,5,0,0
BRDA:23,5,1,0
BRDA:24,6,0,0
BRDA:24,6,1,0
BRDA:33,7,0,0
BRDA:33,7,1,0
BRDA:33,8,0,0
BRDA:33,8,1,0
BRDA:34,9,0,0
BRDA:34,9,1,0
BRDA:75,10,0,0
BRDA:75,10,1,0
BRDA:80,11,0,0
BRDA:80,11,1,0
BRDA:91,12,0,0
BRDA:91,12,1,0
BRDA:91,13,0,0
BRDA:91,13,1,0
BRDA:92,14,0,0
BRDA:92,14,1,0
BRDA:93,15,0,0
BRDA:93,15,1,0
BRDA:114,16,0,0
BRDA:114,16,1,0
BRDA:118,17,0,0
BRDA:118,17,1,0
BRDA:124,18,0,0
BRDA:124,18,1,0
BRDA:127,19,0,0
BRDA:127,19,1,0
BRDA:161,20,0,0
BRDA:161,20,1,0
BRDA:166,21,0,0
BRDA:166,21,1,0
BRDA:185,22,0,0
BRDA:185,22,1,0
BRDA:186,23,0,0
BRDA:186,23,1,0
BRDA:187,24,0,0
BRDA:187,24,1,0
BRDA:198,25,0,0
BRDA:198,25,1,0
BRDA:198,26,0,0
BRDA:198,26,1,0
BRDA:199,27,0,0
BRDA:199,27,1,0
BRDA:200,28,0,0
BRDA:200,28,1,0
BRDA:201,29,0,0
BRDA:201,29,1,0
BRDA:202,30,0,0
BRDA:202,30,1,0
BRDA:203,31,0,0
BRDA:203,31,1,0
BRDA:203,32,0,0
BRDA:203,32,1,0
BRDA:204,33,0,0
BRDA:204,33,1,0
BRDA:204,34,0,0
BRDA:204,34,1,0
BRDA:208,35,0,0
BRDA:208,35,1,0
BRDA:209,36,0,0
BRDA:209,36,1,0
BRDA:211,37,0,0
BRDA:211,37,1,0
BRDA:235,38,0,0
BRDA:235,38,1,0
BRDA:246,39,0,0
BRDA:246,39,1,0
BRDA:250,40,0,0
BRDA:250,40,1,0
BRDA:267,41,0,0
BRDA:267,41,1,0
BRDA:289,42,0,0
BRDA:289,42,1,0
BRDA:302,43,0,0
BRDA:302,43,1,0
BRDA:335,44,0,0
BRDA:335,44,1,0
BRDA:344,45,0,0
BRDA:344,45,1,0
BRDA:365,46,0,0
BRDA:365,46,1,0
BRDA:392,47,0,0
BRDA:392,47,1,0
BRDA:393,48,0,0
BRDA:393,48,1,0
BRF:97
BRH:0
end_of_record
TN:
SF:src/services/analyticsService.js
FN:14,(anonymous_0)
FN:34,(anonymous_1)
FN:55,(anonymous_2)
FN:75,(anonymous_3)
FN:91,(anonymous_4)
FN:103,(anonymous_5)
FNF:6
FNH:6
FNDA:4,(anonymous_0)
FNDA:4,(anonymous_1)
FNDA:4,(anonymous_2)
FNDA:4,(anonymous_3)
FNDA:4,(anonymous_4)
FNDA:4,(anonymous_5)
DA:14,1
DA:15,4
DA:16,4
DA:22,3
DA:24,1
DA:25,1
DA:34,1
DA:35,4
DA:36,4
DA:41,3
DA:43,1
DA:44,1
DA:55,1
DA:56,4
DA:57,4
DA:64,3
DA:66,1
DA:67,1
DA:75,1
DA:76,4
DA:77,4
DA:78,3
DA:80,1
DA:81,1
DA:91,1
DA:92,4
DA:93,4
DA:94,4
DA:95,4
DA:96,4
DA:97,3
DA:99,1
DA:103,1
DA:104,4
DA:105,4
DA:106,3
DA:108,1
DA:109,1
LF:38
LH:38
BRDA:22,0,0,3
BRDA:22,0,1,1
BRDA:34,1,0,4
BRDA:41,2,0,3
BRDA:41,2,1,0
BRDA:55,3,0,4
BRDA:55,4,0,4
BRDA:55,5,0,4
BRDA:64,6,0,3
BRDA:64,6,1,0
BRDA:78,7,0,3
BRDA:78,7,1,1
BRDA:94,8,0,1
BRDA:94,8,1,3
BRDA:95,9,0,1
BRDA:95,9,1,3
BRDA:97,10,0,3
BRDA:97,10,1,0
BRDA:103,11,0,4
BRDA:106,12,0,3
BRDA:106,12,1,0
BRF:21
BRH:17
end_of_record
TN:
SF:src/services/authService.js
FN:13,(anonymous_0)
FN:18,(anonymous_1)
FN:22,(anonymous_2)
FN:27,(anonymous_3)
FNF:4
FNH:4
FNDA:2,(anonymous_0)
FNDA:1,(anonymous_1)
FNDA:2,(anonymous_2)
FNDA:2,(anonymous_3)
DA:3,1
DA:6,1
DA:13,1
DA:14,2
DA:15,1
DA:18,1
DA:19,1
DA:22,1
DA:23,2
DA:24,1
DA:27,1
DA:28,2
LF:12
LH:12
BRF:0
BRH:0
end_of_record
TN:
SF:src/services/calendarService.js
FN:9,(anonymous_0)
FN:19,(anonymous_1)
FN:42,(anonymous_2)
FN:57,(anonymous_3)
FN:71,(anonymous_4)
FNF:5
FNH:5
FNDA:5,(anonymous_0)
FNDA:1,(anonymous_1)
FNDA:3,(anonymous_2)
FNDA:3,(anonymous_3)
FNDA:3,(anonymous_4)
DA:9,1
DA:10,5
DA:11,5
DA:12,5
DA:13,5
DA:15,5
DA:19,4
DA:31,5
DA:33,1
DA:42,1
DA:43,3
DA:44,3
DA:45,2
DA:47,1
DA:57,1
DA:58,3
DA:59,3
DA:60,2
DA:62,1
DA:71,1
DA:72,3
DA:73,3
DA:74,2
DA:76,1
LF:24
LH:24
BRDA:12,0,0,1
BRDA:12,0,1,4
BRDA:13,1,0,1
BRDA:13,1,1,4
BRDA:19,2,0,4
BRDA:19,2,1,1
BRDA:45,3,0,2
BRDA:45,3,1,0
BRF:8
BRH:7
end_of_record
TN:
SF:src/services/configService.js
FN:8,(anonymous_0)
FN:30,(anonymous_1)
FN:34,(anonymous_2)
FN:37,(anonymous_3)
FN:38,(anonymous_4)
FN:48,(anonymous_5)
FN:56,(anonymous_6)
FN:66,(anonymous_7)
FN:91,(anonymous_8)
FN:106,(anonymous_9)
FN:121,(anonymous_10)
FNF:11
FNH:11
FNDA:21,(anonymous_0)
FNDA:4,(anonymous_1)
FNDA:24,(anonymous_2)
FNDA:13,(anonymous_3)
FNDA:11,(anonymous_4)
FNDA:18,(anonymous_5)
FNDA:3,(anonymous_6)
FNDA:5,(anonymous_7)
FNDA:3,(anonymous_8)
FNDA:3,(anonymous_9)
FNDA:3,(anonymous_10)
DA:8,1
DA:9,21
DA:11,21
DA:30,1
DA:31,4
DA:33,4
DA:34,4
DA:35,24
DA:37,13
DA:40,11
DA:41,5
DA:43,6
DA:47,4
DA:48,18
DA:50,1
DA:51,1
DA:56,1
DA:57,3
DA:58,3
DA:59,2
DA:61,1
DA:62,1
DA:66,1
DA:67,5
DA:68,5
DA:79,5
DA:80,5
DA:82,5
DA:83,4
DA:85,1
DA:86,1
DA:91,1
DA:92,3
DA:93,3
DA:94,2
DA:100,1
DA:101,1
DA:106,1
DA:107,3
DA:108,3
DA:113,2
DA:115,1
DA:116,1
DA:121,1
DA:122,3
DA:123,3
DA:124,2
DA:126,1
DA:127,1
LF:49
LH:49
BRDA:9,0,0,0
BRDA:9,0,1,21
BRDA:24,1,0,21
BRDA:24,1,1,0
BRDA:25,2,0,21
BRDA:25,2,1,0
BRDA:40,3,0,5
BRDA:40,3,1,6
BRDA:71,4,0,5
BRDA:71,4,1,5
BRDA:72,5,0,1
BRDA:72,5,1,4
BRDA:73,6,0,1
BRDA:73,6,1,4
BRDA:79,7,0,1
BRDA:79,7,1,4
BRDA:80,8,0,0
BRDA:80,8,1,5
BRF:18
BRH:14
end_of_record
TN:
SF:src/services/dashboardService.js
FN:8,(anonymous_0)
FN:19,(anonymous_1)
FN:29,(anonymous_2)
FN:39,(anonymous_3)
FN:55,(anonymous_4)
FNF:5
FNH:5
FNDA:4,(anonymous_0)
FNDA:3,(anonymous_1)
FNDA:4,(anonymous_2)
FNDA:4,(anonymous_3)
FNDA:3,(anonymous_4)
DA:8,1
DA:9,4
DA:10,4
DA:11,3
DA:14,1
DA:19,1
DA:20,3
DA:21,3
DA:22,2
DA:24,1
DA:29,1
DA:30,4
DA:31,4
DA:32,3
DA:34,1
DA:39,1
DA:40,4
DA:41,4
DA:47,3
DA:49,1
DA:50,1
DA:55,1
DA:56,3
DA:57,3
DA:60,2
DA:62,1
DA:63,1
LF:27
LH:27
BRDA:11,0,0,3
BRDA:11,0,1,1
BRDA:22,1,0,2
BRDA:22,1,1,0
BRDA:29,2,0,4
BRDA:32,3,0,3
BRDA:32,3,1,0
BRDA:47,4,0,3
BRDA:47,4,1,0
BRDA:60,5,0,2
BRDA:60,5,1,0
BRF:11
BRH:7
end_of_record
TN:
SF:src/services/libraryService.js
FN:10,(anonymous_0)
FN:29,(anonymous_1)
FN:46,(anonymous_2)
FN:61,(anonymous_3)
FN:71,(anonymous_4)
FN:84,(anonymous_5)
FN:94,(anonymous_6)
FN:106,(anonymous_7)
FNF:8
FNH:7
FNDA:0,(anonymous_0)
FNDA:3,(anonymous_1)
FNDA:2,(anonymous_2)
FNDA:2,(anonymous_3)
FNDA:2,(anonymous_4)
FNDA:1,(anonymous_5)
FNDA:2,(anonymous_6)
FNDA:2,(anonymous_7)
DA:10,1
DA:11,0
DA:12,0
DA:15,0
DA:17,0
DA:18,0
DA:29,1
DA:30,3
DA:31,3
DA:32,3
DA:33,3
DA:34,2
DA:36,1
DA:37,1
DA:46,1
DA:47,2
DA:48,2
DA:49,1
DA:51,1
DA:52,1
DA:61,1
DA:62,2
DA:63,2
DA:64,1
DA:66,1
DA:67,1
DA:71,1
DA:72,2
DA:73,2
DA:77,1
DA:79,1
DA:80,1
DA:84,1
DA:85,1
DA:86,1
DA:87,1
DA:89,0
DA:90,0
DA:94,1
DA:95,2
DA:96,2
DA:99,1
DA:101,1
DA:102,1
DA:106,1
DA:107,2
DA:108,2
DA:111,1
DA:113,1
DA:114,1
LF:50
LH:43
BRDA:10,0,0,0
BRDA:10,1,0,0
BRDA:10,2,0,0
BRDA:15,3,0,0
BRDA:15,3,1,0
BRDA:29,4,0,3
BRDA:29,5,0,3
BRDA:29,6,0,3
BRDA:32,7,0,3
BRDA:32,7,1,0
BRDA:34,8,0,2
BRDA:34,8,1,0
BRDA:49,9,0,1
BRDA:49,9,1,0
BRDA:64,10,0,1
BRDA:64,10,1,0
BRF:16
BRH:7
end_of_record
TN:
SF:src/services/monitoringService.js
FN:3,(anonymous_0)
FNF:1
FNH:1
FNDA:4,(anonymous_0)
DA:3,1
DA:4,4
DA:5,4
DA:6,3
DA:8,1
DA:9,1
LF:6
LH:6
BRDA:6,0,0,3
BRDA:6,0,1,1
BRF:2
BRH:2
end_of_record
TN:
SF:src/services/prowlarrService.js
FN:3,(anonymous_0)
FN:8,(anonymous_1)
FN:17,(anonymous_2)
FN:22,(anonymous_3)
FN:28,(anonymous_4)
FNF:5
FNH:5
FNDA:4,(anonymous_0)
FNDA:3,(anonymous_1)
FNDA:4,(anonymous_2)
FNDA:4,(anonymous_3)
FNDA:3,(anonymous_4)
DA:3,1
DA:4,4
DA:5,3
DA:8,1
DA:9,3
DA:10,3
DA:11,2
DA:13,1
DA:17,1
DA:18,4
DA:19,3
DA:22,1
DA:23,4
DA:24,4
DA:25,3
DA:28,1
DA:29,3
DA:30,3
DA:31,2
DA:33,1
LF:20
LH:20
BRDA:5,0,0,3
BRDA:5,0,1,1
BRDA:17,1,0,4
BRDA:19,2,0,3
BRDA:19,2,1,0
BRDA:22,3,0,4
BRDA:25,4,0,3
BRDA:25,4,1,0
BRF:8
BRH:6
end_of_record
TN:
SF:src/services/requestService.js
FN:7,(anonymous_0)
FN:15,(anonymous_1)
FN:41,(anonymous_2)
FN:55,(anonymous_3)
FN:69,(anonymous_4)
FN:83,(anonymous_5)
FN:98,(anonymous_6)
FNF:7
FNH:6
FNDA:5,(anonymous_0)
FNDA:1,(anonymous_1)
FNDA:0,(anonymous_2)
FNDA:3,(anonymous_3)
FNDA:3,(anonymous_4)
FNDA:3,(anonymous_5)
FNDA:3,(anonymous_6)
DA:7,1
DA:8,5
DA:9,5
DA:15,4
DA:30,5
DA:32,1
DA:41,1
DA:42,0
DA:43,0
DA:44,0
DA:46,0
DA:55,1
DA:56,3
DA:57,3
DA:58,2
DA:60,1
DA:69,1
DA:70,3
DA:71,3
DA:72,2
DA:74,1
DA:83,1
DA:84,3
DA:85,3
DA:86,2
DA:88,1
DA:98,1
DA:99,3
DA:100,3
DA:101,2
DA:103,1
LF:31
LH:27
BRDA:7,0,0,5
BRDA:7,1,0,5
BRDA:15,2,0,4
BRDA:15,2,1,1
BRDA:44,3,0,0
BRDA:44,3,1,0
BRF:6
BRH:4
end_of_record
TN:
SF:src/services/syncService.js
FN:8,(anonymous_0)
FN:19,(anonymous_1)
FN:30,(anonymous_2)
FN:46,(anonymous_3)
FN:67,(anonymous_4)
FN:78,(anonymous_5)
FNF:6
FNH:6
FNDA:3,(anonymous_0)
FNDA:3,(anonymous_1)
FNDA:5,(anonymous_2)
FNDA:3,(anonymous_3)
FNDA:3,(anonymous_4)
FNDA:3,(anonymous_5)
DA:8,1
DA:9,3
DA:10,3
DA:11,2
DA:13,1
DA:14,1
DA:19,1
DA:20,3
DA:21,3
DA:22,2
DA:24,1
DA:25,1
DA:30,1
DA:31,5
DA:32,5
DA:38,4
DA:40,1
DA:41,1
DA:46,1
DA:52,3
DA:53,3
DA:59,2
DA:61,1
DA:62,1
DA:67,1
DA:68,3
DA:69,3
DA:70,2
DA:72,1
DA:73,1
DA:78,1
DA:79,3
DA:80,3
DA:81,2
DA:83,1
DA:84,1
LF:36
LH:36
BRDA:11,0,0,2
BRDA:11,0,1,0
BRDA:22,1,0,2
BRDA:22,1,1,0
BRDA:30,2,0,5
BRDA:36,3,0,3
BRDA:36,3,1,2
BRDA:38,4,0,4
BRDA:38,4,1,0
BRDA:59,5,0,2
BRDA:59,5,1,0
BRDA:70,6,0,2
BRDA:70,6,1,0
BRDA:81,7,0,2
BRDA:81,7,1,0
BRF:15
BRH:9
end_of_record
TN:
SF:src/services/torrentService.js
FN:8,(anonymous_0)
FNF:1
FNH:1
FNDA:3,(anonymous_0)
DA:8,1
DA:9,3
DA:10,2
LF:3
LH:3
BRF:0
BRH:0
end_of_record
TN:
SF:src/utils/cn.js
FN:4,cn
FNF:1
FNH:1
FNDA:4341,cn
DA:5,4341
LF:1
LH:1
BRF:0
BRH:0
end_of_record
TN:
SF:src/utils/quality.js
FN:36,(anonymous_0)
FNF:1
FNH:1
FNDA:16,(anonymous_0)
DA:9,1
DA:27,1
DA:36,1
DA:37,16
DA:40,13
DA:42,11
DA:45,11
DA:46,11
DA:47,16
DA:50,16
DA:53,16
DA:54,16
DA:55,60
DA:56,10
DA:57,10
DA:61,11
DA:62,11
DA:63,11
DA:64,11
DA:66,11
LF:20
LH:20
BRDA:37,0,0,3
BRDA:37,0,1,13
BRDA:40,1,0,2
BRDA:40,1,1,11
BRDA:46,2,0,10
BRDA:46,2,1,1
BRDA:47,3,0,10
BRDA:47,3,1,1
BRDA:47,4,0,10
BRDA:47,4,1,0
BRDA:55,5,0,10
BRDA:55,5,1,50
BRDA:62,6,0,10
BRDA:62,6,1,1
BRDA:63,7,0,10
BRDA:63,7,1,1
BRDA:64,8,0,1
BRDA:64,8,1,10
BRDA:66,9,0,10
BRDA:66,9,1,1
BRF:20
BRH:19
end_of_record
